This is pdfTeX, Version 3.14159265-2.6-1.40.18 (TeX Live 2017/Debian) (preloaded format=pdflatex 2020.11.14)  6 FEB 2021 14:32
entering extended mode
 \write18 enabled.
 %&-line parsing enabled.
**expo.tex
(./expo.tex
LaTeX2e <2017-04-15>
Babel <3.18> and hyphenation patterns for 84 language(s) loaded.
(/usr/share/texlive/texmf-dist/tex/latex/beamer/beamer.cls
Document Class: beamer 2018/02/20 v3.50 A class for typesetting presentations
(/usr/share/texlive/texmf-dist/tex/latex/beamer/beamerbasemodes.sty
(/usr/share/texlive/texmf-dist/tex/latex/etoolbox/etoolbox.sty
Package: etoolbox 2018/02/11 v2.5e e-TeX tools for LaTeX (JAW)
\etb@tempcnta=\count79
)
\beamer@tempbox=\box26
\beamer@tempcount=\count80
\c@beamerpauses=\count81

(/usr/share/texlive/texmf-dist/tex/latex/beamer/beamerbasedecode.sty
\beamer@slideinframe=\count82
\beamer@minimum=\count83
)
\beamer@commentbox=\box27
\beamer@modecount=\count84
)
(/usr/share/texlive/texmf-dist/tex/generic/oberdiek/ifpdf.sty
Package: ifpdf 2017/03/15 v3.2 Provides the ifpdf switch
)
\headdp=\dimen102
\footheight=\dimen103
\sidebarheight=\dimen104
\beamer@tempdim=\dimen105
\beamer@finalheight=\dimen106
\beamer@animht=\dimen107
\beamer@animdp=\dimen108
\beamer@animwd=\dimen109
\beamer@leftmargin=\dimen110
\beamer@rightmargin=\dimen111
\beamer@leftsidebar=\dimen112
\beamer@rightsidebar=\dimen113
\beamer@boxsize=\dimen114
\beamer@vboxoffset=\dimen115
\beamer@descdefault=\dimen116
\beamer@descriptionwidth=\dimen117
\beamer@lastskip=\skip41
\beamer@areabox=\box28
\beamer@animcurrent=\box29
\beamer@animshowbox=\box30
\beamer@sectionbox=\box31
\beamer@logobox=\box32
\beamer@linebox=\box33
\beamer@sectioncount=\count85
\beamer@subsubsectionmax=\count86
\beamer@subsectionmax=\count87
\beamer@sectionmax=\count88
\beamer@totalheads=\count89
\beamer@headcounter=\count90
\beamer@partstartpage=\count91
\beamer@sectionstartpage=\count92
\beamer@subsectionstartpage=\count93
\beamer@animationtempa=\count94
\beamer@animationtempb=\count95
\beamer@xpos=\count96
\beamer@ypos=\count97
\beamer@ypos@offset=\count98
\beamer@showpartnumber=\count99
\beamer@currentsubsection=\count100
\beamer@coveringdepth=\count101
\beamer@sectionadjust=\count102
\beamer@tocsectionnumber=\count103

(/usr/share/texlive/texmf-dist/tex/latex/beamer/beamerbaseoptions.sty
(/usr/share/texlive/texmf-dist/tex/latex/graphics/keyval.sty
Package: keyval 2014/10/28 v1.15 key=value parser (DPC)
\KV@toks@=\toks14
))
\beamer@paperwidth=\skip42
\beamer@paperheight=\skip43

(/usr/share/texlive/texmf-dist/tex/latex/geometry/geometry.sty
Package: geometry 2010/09/12 v5.6 Page Geometry

(/usr/share/texlive/texmf-dist/tex/generic/oberdiek/ifvtex.sty
Package: ifvtex 2016/05/16 v1.6 Detect VTeX and its facilities (HO)
Package ifvtex Info: VTeX not detected.
)
(/usr/share/texlive/texmf-dist/tex/generic/ifxetex/ifxetex.sty
Package: ifxetex 2010/09/12 v0.6 Provides ifxetex conditional
)
\Gm@cnth=\count104
\Gm@cntv=\count105
\c@Gm@tempcnt=\count106
\Gm@bindingoffset=\dimen118
\Gm@wd@mp=\dimen119
\Gm@odd@mp=\dimen120
\Gm@even@mp=\dimen121
\Gm@layoutwidth=\dimen122
\Gm@layoutheight=\dimen123
\Gm@layouthoffset=\dimen124
\Gm@layoutvoffset=\dimen125
\Gm@dimlist=\toks15
)
(/usr/share/texlive/texmf-dist/tex/latex/base/size10.clo
File: size10.clo 2014/09/29 v1.4h Standard LaTeX file (size option)
)
(/usr/share/texlive/texmf-dist/tex/latex/pgf/basiclayer/pgfcore.sty
(/usr/share/texlive/texmf-dist/tex/latex/graphics/graphicx.sty
Package: graphicx 2017/06/01 v1.1a Enhanced LaTeX Graphics (DPC,SPQR)

(/usr/share/texlive/texmf-dist/tex/latex/graphics/graphics.sty
Package: graphics 2017/06/25 v1.2c Standard LaTeX Graphics (DPC,SPQR)

(/usr/share/texlive/texmf-dist/tex/latex/graphics/trig.sty
Package: trig 2016/01/03 v1.10 sin cos tan (DPC)
)
(/usr/share/texlive/texmf-dist/tex/latex/graphics-cfg/graphics.cfg
File: graphics.cfg 2016/06/04 v1.11 sample graphics configuration
)
Package graphics Info: Driver file: pdftex.def on input line 99.

(/usr/share/texlive/texmf-dist/tex/latex/graphics-def/pdftex.def
File: pdftex.def 2018/01/08 v1.0l Graphics/color driver for pdftex
))
\Gin@req@height=\dimen126
\Gin@req@width=\dimen127
)
(/usr/share/texlive/texmf-dist/tex/latex/pgf/systemlayer/pgfsys.sty
(/usr/share/texlive/texmf-dist/tex/latex/pgf/utilities/pgfrcs.sty
(/usr/share/texlive/texmf-dist/tex/generic/pgf/utilities/pgfutil-common.tex
\pgfutil@everybye=\toks16
\pgfutil@tempdima=\dimen128
\pgfutil@tempdimb=\dimen129

(/usr/share/texlive/texmf-dist/tex/generic/pgf/utilities/pgfutil-common-lists.t
ex)) (/usr/share/texlive/texmf-dist/tex/generic/pgf/utilities/pgfutil-latex.def
\pgfutil@abb=\box34
(/usr/share/texlive/texmf-dist/tex/latex/ms/everyshi.sty
Package: everyshi 2001/05/15 v3.00 EveryShipout Package (MS)
))
(/usr/share/texlive/texmf-dist/tex/generic/pgf/utilities/pgfrcs.code.tex
Package: pgfrcs 2015/08/07 v3.0.1a (rcs-revision 1.31)
))
(/usr/share/texlive/texmf-dist/tex/generic/pgf/systemlayer/pgfsys.code.tex
Package: pgfsys 2014/07/09 v3.0.1a (rcs-revision 1.48)

(/usr/share/texlive/texmf-dist/tex/generic/pgf/utilities/pgfkeys.code.tex
\pgfkeys@pathtoks=\toks17
\pgfkeys@temptoks=\toks18

(/usr/share/texlive/texmf-dist/tex/generic/pgf/utilities/pgfkeysfiltered.code.t
ex
\pgfkeys@tmptoks=\toks19
))
\pgf@x=\dimen130
\pgf@y=\dimen131
\pgf@xa=\dimen132
\pgf@ya=\dimen133
\pgf@xb=\dimen134
\pgf@yb=\dimen135
\pgf@xc=\dimen136
\pgf@yc=\dimen137
\w@pgf@writea=\write3
\r@pgf@reada=\read1
\c@pgf@counta=\count107
\c@pgf@countb=\count108
\c@pgf@countc=\count109
\c@pgf@countd=\count110
\t@pgf@toka=\toks20
\t@pgf@tokb=\toks21
\t@pgf@tokc=\toks22
 (/usr/share/texlive/texmf-dist/tex/generic/pgf/systemlayer/pgf.cfg
File: pgf.cfg 2008/05/14  (rcs-revision 1.7)
)
Driver file for pgf: pgfsys-pdftex.def

(/usr/share/texlive/texmf-dist/tex/generic/pgf/systemlayer/pgfsys-pdftex.def
File: pgfsys-pdftex.def 2014/10/11  (rcs-revision 1.35)

(/usr/share/texlive/texmf-dist/tex/generic/pgf/systemlayer/pgfsys-common-pdf.de
f
File: pgfsys-common-pdf.def 2013/10/10  (rcs-revision 1.13)
)))
(/usr/share/texlive/texmf-dist/tex/generic/pgf/systemlayer/pgfsyssoftpath.code.
tex
File: pgfsyssoftpath.code.tex 2013/09/09  (rcs-revision 1.9)
\pgfsyssoftpath@smallbuffer@items=\count111
\pgfsyssoftpath@bigbuffer@items=\count112
)
(/usr/share/texlive/texmf-dist/tex/generic/pgf/systemlayer/pgfsysprotocol.code.
tex
File: pgfsysprotocol.code.tex 2006/10/16  (rcs-revision 1.4)
)) (/usr/share/texlive/texmf-dist/tex/latex/xcolor/xcolor.sty
Package: xcolor 2016/05/11 v2.12 LaTeX color extensions (UK)

(/usr/share/texlive/texmf-dist/tex/latex/graphics-cfg/color.cfg
File: color.cfg 2016/01/02 v1.6 sample color configuration
)
Package xcolor Info: Driver file: pdftex.def on input line 225.
Package xcolor Info: Model `cmy' substituted by `cmy0' on input line 1348.
Package xcolor Info: Model `hsb' substituted by `rgb' on input line 1352.
Package xcolor Info: Model `RGB' extended on input line 1364.
Package xcolor Info: Model `HTML' substituted by `rgb' on input line 1366.
Package xcolor Info: Model `Hsb' substituted by `hsb' on input line 1367.
Package xcolor Info: Model `tHsb' substituted by `hsb' on input line 1368.
Package xcolor Info: Model `HSB' substituted by `hsb' on input line 1369.
Package xcolor Info: Model `Gray' substituted by `gray' on input line 1370.
Package xcolor Info: Model `wave' substituted by `hsb' on input line 1371.
)
(/usr/share/texlive/texmf-dist/tex/generic/pgf/basiclayer/pgfcore.code.tex
Package: pgfcore 2010/04/11 v3.0.1a (rcs-revision 1.7)

(/usr/share/texlive/texmf-dist/tex/generic/pgf/math/pgfmath.code.tex
(/usr/share/texlive/texmf-dist/tex/generic/pgf/math/pgfmathcalc.code.tex
(/usr/share/texlive/texmf-dist/tex/generic/pgf/math/pgfmathutil.code.tex)
(/usr/share/texlive/texmf-dist/tex/generic/pgf/math/pgfmathparser.code.tex
\pgfmath@dimen=\dimen138
\pgfmath@count=\count113
\pgfmath@box=\box35
\pgfmath@toks=\toks23
\pgfmath@stack@operand=\toks24
\pgfmath@stack@operation=\toks25
)
(/usr/share/texlive/texmf-dist/tex/generic/pgf/math/pgfmathfunctions.code.tex
(/usr/share/texlive/texmf-dist/tex/generic/pgf/math/pgfmathfunctions.basic.code
.tex)
(/usr/share/texlive/texmf-dist/tex/generic/pgf/math/pgfmathfunctions.trigonomet
ric.code.tex)
(/usr/share/texlive/texmf-dist/tex/generic/pgf/math/pgfmathfunctions.random.cod
e.tex)
(/usr/share/texlive/texmf-dist/tex/generic/pgf/math/pgfmathfunctions.comparison
.code.tex)
(/usr/share/texlive/texmf-dist/tex/generic/pgf/math/pgfmathfunctions.base.code.
tex)
(/usr/share/texlive/texmf-dist/tex/generic/pgf/math/pgfmathfunctions.round.code
.tex)
(/usr/share/texlive/texmf-dist/tex/generic/pgf/math/pgfmathfunctions.misc.code.
tex)
(/usr/share/texlive/texmf-dist/tex/generic/pgf/math/pgfmathfunctions.integerari
thmetics.code.tex)))
(/usr/share/texlive/texmf-dist/tex/generic/pgf/math/pgfmathfloat.code.tex
\c@pgfmathroundto@lastzeros=\count114
))
(/usr/share/texlive/texmf-dist/tex/generic/pgf/basiclayer/pgfcorepoints.code.te
x
File: pgfcorepoints.code.tex 2013/10/07  (rcs-revision 1.27)
\pgf@picminx=\dimen139
\pgf@picmaxx=\dimen140
\pgf@picminy=\dimen141
\pgf@picmaxy=\dimen142
\pgf@pathminx=\dimen143
\pgf@pathmaxx=\dimen144
\pgf@pathminy=\dimen145
\pgf@pathmaxy=\dimen146
\pgf@xx=\dimen147
\pgf@xy=\dimen148
\pgf@yx=\dimen149
\pgf@yy=\dimen150
\pgf@zx=\dimen151
\pgf@zy=\dimen152
)
(/usr/share/texlive/texmf-dist/tex/generic/pgf/basiclayer/pgfcorepathconstruct.
code.tex
File: pgfcorepathconstruct.code.tex 2013/10/07  (rcs-revision 1.29)
\pgf@path@lastx=\dimen153
\pgf@path@lasty=\dimen154
)
(/usr/share/texlive/texmf-dist/tex/generic/pgf/basiclayer/pgfcorepathusage.code
.tex
File: pgfcorepathusage.code.tex 2014/11/02  (rcs-revision 1.24)
\pgf@shorten@end@additional=\dimen155
\pgf@shorten@start@additional=\dimen156
)
(/usr/share/texlive/texmf-dist/tex/generic/pgf/basiclayer/pgfcorescopes.code.te
x
File: pgfcorescopes.code.tex 2015/05/08  (rcs-revision 1.46)
\pgfpic=\box36
\pgf@hbox=\box37
\pgf@layerbox@main=\box38
\pgf@picture@serial@count=\count115
)
(/usr/share/texlive/texmf-dist/tex/generic/pgf/basiclayer/pgfcoregraphicstate.c
ode.tex
File: pgfcoregraphicstate.code.tex 2014/11/02  (rcs-revision 1.12)
\pgflinewidth=\dimen157
)
(/usr/share/texlive/texmf-dist/tex/generic/pgf/basiclayer/pgfcoretransformation
s.code.tex
File: pgfcoretransformations.code.tex 2015/08/07  (rcs-revision 1.20)
\pgf@pt@x=\dimen158
\pgf@pt@y=\dimen159
\pgf@pt@temp=\dimen160
)
(/usr/share/texlive/texmf-dist/tex/generic/pgf/basiclayer/pgfcorequick.code.tex
File: pgfcorequick.code.tex 2008/10/09  (rcs-revision 1.3)
)
(/usr/share/texlive/texmf-dist/tex/generic/pgf/basiclayer/pgfcoreobjects.code.t
ex
File: pgfcoreobjects.code.tex 2006/10/11  (rcs-revision 1.2)
)
(/usr/share/texlive/texmf-dist/tex/generic/pgf/basiclayer/pgfcorepathprocessing
.code.tex
File: pgfcorepathprocessing.code.tex 2013/09/09  (rcs-revision 1.9)
)
(/usr/share/texlive/texmf-dist/tex/generic/pgf/basiclayer/pgfcorearrows.code.te
x
File: pgfcorearrows.code.tex 2015/05/14  (rcs-revision 1.43)
\pgfarrowsep=\dimen161
)
(/usr/share/texlive/texmf-dist/tex/generic/pgf/basiclayer/pgfcoreshade.code.tex
File: pgfcoreshade.code.tex 2013/07/15  (rcs-revision 1.15)
\pgf@max=\dimen162
\pgf@sys@shading@range@num=\count116
)
(/usr/share/texlive/texmf-dist/tex/generic/pgf/basiclayer/pgfcoreimage.code.tex
File: pgfcoreimage.code.tex 2013/07/15  (rcs-revision 1.18)

(/usr/share/texlive/texmf-dist/tex/generic/pgf/basiclayer/pgfcoreexternal.code.
tex
File: pgfcoreexternal.code.tex 2014/07/09  (rcs-revision 1.21)
\pgfexternal@startupbox=\box39
))
(/usr/share/texlive/texmf-dist/tex/generic/pgf/basiclayer/pgfcorelayers.code.te
x
File: pgfcorelayers.code.tex 2013/07/18  (rcs-revision 1.7)
)
(/usr/share/texlive/texmf-dist/tex/generic/pgf/basiclayer/pgfcoretransparency.c
ode.tex
File: pgfcoretransparency.code.tex 2013/09/30  (rcs-revision 1.5)
)
(/usr/share/texlive/texmf-dist/tex/generic/pgf/basiclayer/pgfcorepatterns.code.
tex
File: pgfcorepatterns.code.tex 2013/11/07  (rcs-revision 1.5)
))) (/usr/share/texlive/texmf-dist/tex/latex/pgf/utilities/xxcolor.sty
Package: xxcolor 2003/10/24 ver 0.1
\XC@nummixins=\count117
\XC@countmixins=\count118
)
(/usr/share/texlive/texmf-dist/tex/generic/oberdiek/atbegshi.sty
Package: atbegshi 2016/06/09 v1.18 At begin shipout hook (HO)

(/usr/share/texlive/texmf-dist/tex/generic/oberdiek/infwarerr.sty
Package: infwarerr 2016/05/16 v1.4 Providing info/warning/error messages (HO)
)
(/usr/share/texlive/texmf-dist/tex/generic/oberdiek/ltxcmds.sty
Package: ltxcmds 2016/05/16 v1.23 LaTeX kernel commands for general use (HO)
))
(/usr/share/texlive/texmf-dist/tex/latex/hyperref/hyperref.sty
Package: hyperref 2018/02/06 v6.86b Hypertext links for LaTeX

(/usr/share/texlive/texmf-dist/tex/generic/oberdiek/hobsub-hyperref.sty
Package: hobsub-hyperref 2016/05/16 v1.14 Bundle oberdiek, subset hyperref (HO)


(/usr/share/texlive/texmf-dist/tex/generic/oberdiek/hobsub-generic.sty
Package: hobsub-generic 2016/05/16 v1.14 Bundle oberdiek, subset generic (HO)
Package: hobsub 2016/05/16 v1.14 Construct package bundles (HO)
Package hobsub Info: Skipping package `infwarerr' (already loaded).
Package hobsub Info: Skipping package `ltxcmds' (already loaded).
Package: ifluatex 2016/05/16 v1.4 Provides the ifluatex switch (HO)
Package ifluatex Info: LuaTeX not detected.
Package hobsub Info: Skipping package `ifvtex' (already loaded).
Package: intcalc 2016/05/16 v1.2 Expandable calculations with integers (HO)
Package hobsub Info: Skipping package `ifpdf' (already loaded).
Package: etexcmds 2016/05/16 v1.6 Avoid name clashes with e-TeX commands (HO)
Package etexcmds Info: Could not find \expanded.
(etexcmds)             That can mean that you are not using pdfTeX 1.50 or
(etexcmds)             that some package has redefined \expanded.
(etexcmds)             In the latter case, load this package earlier.
Package: kvsetkeys 2016/05/16 v1.17 Key value parser (HO)
Package: kvdefinekeys 2016/05/16 v1.4 Define keys (HO)
Package: pdftexcmds 2018/01/21 v0.26 Utility functions of pdfTeX for LuaTeX (HO
)
Package pdftexcmds Info: LuaTeX not detected.
Package pdftexcmds Info: \pdf@primitive is available.
Package pdftexcmds Info: \pdf@ifprimitive is available.
Package pdftexcmds Info: \pdfdraftmode found.
Package: pdfescape 2016/05/16 v1.14 Implements pdfTeX's escape features (HO)
Package: bigintcalc 2016/05/16 v1.4 Expandable calculations on big integers (HO
)
Package: bitset 2016/05/16 v1.2 Handle bit-vector datatype (HO)
Package: uniquecounter 2016/05/16 v1.3 Provide unlimited unique counter (HO)
)
Package hobsub Info: Skipping package `hobsub' (already loaded).
Package: letltxmacro 2016/05/16 v1.5 Let assignment for LaTeX macros (HO)
Package: hopatch 2016/05/16 v1.3 Wrapper for package hooks (HO)
Package: xcolor-patch 2016/05/16 xcolor patch
Package: atveryend 2016/05/16 v1.9 Hooks at the very end of document (HO)
Package hobsub Info: Skipping package `atbegshi' (already loaded).
Package: refcount 2016/05/16 v3.5 Data extraction from label references (HO)
Package: hycolor 2016/05/16 v1.8 Color options for hyperref/bookmark (HO)
)
(/usr/share/texlive/texmf-dist/tex/latex/oberdiek/auxhook.sty
Package: auxhook 2016/05/16 v1.4 Hooks for auxiliary files (HO)
)
(/usr/share/texlive/texmf-dist/tex/latex/oberdiek/kvoptions.sty
Package: kvoptions 2016/05/16 v3.12 Key value format for package options (HO)
)
\@linkdim=\dimen163
\Hy@linkcounter=\count119
\Hy@pagecounter=\count120

(/usr/share/texlive/texmf-dist/tex/latex/hyperref/pd1enc.def
File: pd1enc.def 2018/02/06 v6.86b Hyperref: PDFDocEncoding definition (HO)
)
\Hy@SavedSpaceFactor=\count121

(/usr/share/texlive/texmf-dist/tex/latex/latexconfig/hyperref.cfg
File: hyperref.cfg 2002/06/06 v1.2 hyperref configuration of TeXLive
)
Package hyperref Info: Option `bookmarks' set `true' on input line 4383.
Package hyperref Info: Option `bookmarksopen' set `true' on input line 4383.
Package hyperref Info: Option `implicit' set `false' on input line 4383.
Package hyperref Info: Hyper figures OFF on input line 4509.
Package hyperref Info: Link nesting OFF on input line 4514.
Package hyperref Info: Hyper index ON on input line 4517.
Package hyperref Info: Plain pages OFF on input line 4524.
Package hyperref Info: Backreferencing OFF on input line 4529.
Package hyperref Info: Implicit mode OFF; no redefinition of LaTeX internals.
Package hyperref Info: Bookmarks ON on input line 4762.
\c@Hy@tempcnt=\count122

(/usr/share/texlive/texmf-dist/tex/latex/url/url.sty
\Urlmuskip=\muskip10
Package: url 2013/09/16  ver 3.4  Verb mode for urls, etc.
)
LaTeX Info: Redefining \url on input line 5115.
\XeTeXLinkMargin=\dimen164
\Fld@menulength=\count123
\Field@Width=\dimen165
\Fld@charsize=\dimen166
Package hyperref Info: Hyper figures OFF on input line 6369.
Package hyperref Info: Link nesting OFF on input line 6374.
Package hyperref Info: Hyper index ON on input line 6377.
Package hyperref Info: backreferencing OFF on input line 6384.
Package hyperref Info: Link coloring OFF on input line 6389.
Package hyperref Info: Link coloring with OCG OFF on input line 6394.
Package hyperref Info: PDF/A mode OFF on input line 6399.
LaTeX Info: Redefining \ref on input line 6439.
LaTeX Info: Redefining \pageref on input line 6443.
\Hy@abspage=\count124


Package hyperref Message: Stopped early.

)
Package hyperref Info: Driver (autodetected): hpdftex.
 (/usr/share/texlive/texmf-dist/tex/latex/hyperref/hpdftex.def
File: hpdftex.def 2018/02/06 v6.86b Hyperref driver for pdfTeX
\Fld@listcount=\count125
\c@bookmark@seq@number=\count126

(/usr/share/texlive/texmf-dist/tex/latex/oberdiek/rerunfilecheck.sty
Package: rerunfilecheck 2016/05/16 v1.8 Rerun checks for auxiliary files (HO)
Package uniquecounter Info: New unique counter `rerunfilecheck' on input line 2
82.
))
(/usr/share/texlive/texmf-dist/tex/latex/beamer/beamerbaserequires.sty
(/usr/share/texlive/texmf-dist/tex/latex/beamer/beamerbasecompatibility.sty)
(/usr/share/texlive/texmf-dist/tex/latex/beamer/beamerbasefont.sty
(/usr/share/texlive/texmf-dist/tex/latex/amsfonts/amssymb.sty
Package: amssymb 2013/01/14 v3.01 AMS font symbols

(/usr/share/texlive/texmf-dist/tex/latex/amsfonts/amsfonts.sty
Package: amsfonts 2013/01/14 v3.01 Basic AMSFonts support
\@emptytoks=\toks26
\symAMSa=\mathgroup4
\symAMSb=\mathgroup5
LaTeX Font Info:    Overwriting math alphabet `\mathfrak' in version `bold'
(Font)                  U/euf/m/n --> U/euf/b/n on input line 106.
))
(/usr/share/texlive/texmf-dist/tex/latex/sansmathaccent/sansmathaccent.sty
Package: sansmathaccent 2013/03/28

(/usr/share/texlive/texmf-dist/tex/latex/filehook/filehook.sty
Package: filehook 2011/10/12 v0.5d Hooks for input files
)))
(/usr/share/texlive/texmf-dist/tex/latex/beamer/beamerbasetranslator.sty
(/usr/share/texlive/texmf-dist/tex/latex/translator/translator.sty
Package: translator 2018/01/04 v1.12 Easy translation of strings in LaTeX
))
(/usr/share/texlive/texmf-dist/tex/latex/beamer/beamerbasemisc.sty)
(/usr/share/texlive/texmf-dist/tex/latex/beamer/beamerbasetwoscreens.sty)
(/usr/share/texlive/texmf-dist/tex/latex/beamer/beamerbaseoverlay.sty
\beamer@argscount=\count127
\beamer@lastskipcover=\skip44
\beamer@trivlistdepth=\count128
)
(/usr/share/texlive/texmf-dist/tex/latex/beamer/beamerbasetitle.sty)
(/usr/share/texlive/texmf-dist/tex/latex/beamer/beamerbasesection.sty
\c@lecture=\count129
\c@part=\count130
\c@section=\count131
\c@subsection=\count132
\c@subsubsection=\count133
)
(/usr/share/texlive/texmf-dist/tex/latex/beamer/beamerbaseframe.sty
\beamer@framebox=\box40
\beamer@frametitlebox=\box41
\beamer@zoombox=\box42
\beamer@zoomcount=\count134
\beamer@zoomframecount=\count135
\beamer@frametextheight=\dimen167
\c@subsectionslide=\count136
\beamer@frametopskip=\skip45
\beamer@framebottomskip=\skip46
\beamer@frametopskipautobreak=\skip47
\beamer@framebottomskipautobreak=\skip48
\beamer@envbody=\toks27
\framewidth=\dimen168
\c@framenumber=\count137
)
(/usr/share/texlive/texmf-dist/tex/latex/beamer/beamerbaseverbatim.sty
\beamer@verbatimfileout=\write4
)
(/usr/share/texlive/texmf-dist/tex/latex/beamer/beamerbaseframesize.sty
\beamer@splitbox=\box43
\beamer@autobreakcount=\count138
\beamer@autobreaklastheight=\dimen169
\beamer@frametitletoks=\toks28
\beamer@framesubtitletoks=\toks29
)
(/usr/share/texlive/texmf-dist/tex/latex/beamer/beamerbaseframecomponents.sty
\beamer@footins=\box44
)
(/usr/share/texlive/texmf-dist/tex/latex/beamer/beamerbasecolor.sty
\beamer@bg@ht=\dimen170
\beamer@bg@wd=\dimen171
\beamer@bg@dp=\dimen172
)
(/usr/share/texlive/texmf-dist/tex/latex/beamer/beamerbasenotes.sty
\beamer@frameboxcopy=\box45
)
(/usr/share/texlive/texmf-dist/tex/latex/beamer/beamerbasetoc.sty)
(/usr/share/texlive/texmf-dist/tex/latex/beamer/beamerbasetemplates.sty
\beamer@sbttoks=\toks30

(/usr/share/texlive/texmf-dist/tex/latex/beamer/beamerbaseauxtemplates.sty
(/usr/share/texlive/texmf-dist/tex/latex/beamer/beamerbaseboxes.sty
\bmb@box=\box46
\bmb@colorbox=\box47
\bmb@boxshadow=\box48
\bmb@boxshadowball=\box49
\bmb@boxshadowballlarge=\box50
\bmb@temp=\dimen173
\bmb@dima=\dimen174
\bmb@dimb=\dimen175
\bmb@prevheight=\dimen176
)
\beamer@blockheadheight=\dimen177
))
(/usr/share/texlive/texmf-dist/tex/latex/beamer/beamerbaselocalstructure.sty
(/usr/share/texlive/texmf-dist/tex/latex/tools/enumerate.sty
Package: enumerate 2015/07/23 v3.00 enumerate extensions (DPC)
\@enLab=\toks31
)
\c@figure=\count139
\c@table=\count140
\abovecaptionskip=\skip49
\belowcaptionskip=\skip50
)
(/usr/share/texlive/texmf-dist/tex/latex/beamer/beamerbasenavigation.sty
\beamer@section@min@dim=\dimen178
)
(/usr/share/texlive/texmf-dist/tex/latex/beamer/beamerbasetheorems.sty
(/usr/share/texlive/texmf-dist/tex/latex/amsmath/amsmath.sty
Package: amsmath 2017/09/02 v2.17a AMS math features
\@mathmargin=\skip51

For additional information on amsmath, use the `?' option.
(/usr/share/texlive/texmf-dist/tex/latex/amsmath/amstext.sty
Package: amstext 2000/06/29 v2.01 AMS text

(/usr/share/texlive/texmf-dist/tex/latex/amsmath/amsgen.sty
File: amsgen.sty 1999/11/30 v2.0 generic functions
\@emptytoks=\toks32
\ex@=\dimen179
))
(/usr/share/texlive/texmf-dist/tex/latex/amsmath/amsbsy.sty
Package: amsbsy 1999/11/29 v1.2d Bold Symbols
\pmbraise@=\dimen180
)
(/usr/share/texlive/texmf-dist/tex/latex/amsmath/amsopn.sty
Package: amsopn 2016/03/08 v2.02 operator names
)
\inf@bad=\count141
LaTeX Info: Redefining \frac on input line 213.
\uproot@=\count142
\leftroot@=\count143
LaTeX Info: Redefining \overline on input line 375.
\classnum@=\count144
\DOTSCASE@=\count145
LaTeX Info: Redefining \ldots on input line 472.
LaTeX Info: Redefining \dots on input line 475.
LaTeX Info: Redefining \cdots on input line 596.
\Mathstrutbox@=\box51
\strutbox@=\box52
\big@size=\dimen181
LaTeX Font Info:    Redeclaring font encoding OML on input line 712.
LaTeX Font Info:    Redeclaring font encoding OMS on input line 713.
\macc@depth=\count146
\c@MaxMatrixCols=\count147
\dotsspace@=\muskip11
\c@parentequation=\count148
\dspbrk@lvl=\count149
\tag@help=\toks33
\row@=\count150
\column@=\count151
\maxfields@=\count152
\andhelp@=\toks34
\eqnshift@=\dimen182
\alignsep@=\dimen183
\tagshift@=\dimen184
\tagwidth@=\dimen185
\totwidth@=\dimen186
\lineht@=\dimen187
\@envbody=\toks35
\multlinegap=\skip52
\multlinetaggap=\skip53
\mathdisplay@stack=\toks36
LaTeX Info: Redefining \[ on input line 2817.
LaTeX Info: Redefining \] on input line 2818.
)
(/usr/share/texlive/texmf-dist/tex/latex/amscls/amsthm.sty
Package: amsthm 2017/10/31 v2.20.4
\thm@style=\toks37
\thm@bodyfont=\toks38
\thm@headfont=\toks39
\thm@notefont=\toks40
\thm@headpunct=\toks41
\thm@preskip=\skip54
\thm@postskip=\skip55
\thm@headsep=\skip56
\dth@everypar=\toks42
)
\c@theorem=\count153
)
(/usr/share/texlive/texmf-dist/tex/latex/beamer/beamerbasethemes.sty))
(/usr/share/texlive/texmf-dist/tex/latex/beamer/beamerthemedefault.sty
(/usr/share/texlive/texmf-dist/tex/latex/beamer/beamerfontthemedefault.sty)
(/usr/share/texlive/texmf-dist/tex/latex/beamer/beamercolorthemedefault.sty)
(/usr/share/texlive/texmf-dist/tex/latex/beamer/beamerinnerthemedefault.sty
\beamer@dima=\dimen188
\beamer@dimb=\dimen189
)
(/usr/share/texlive/texmf-dist/tex/latex/beamer/beamerouterthemedefault.sty)))
(/usr/share/texlive/texmf-dist/tex/latex/base/inputenc.sty
Package: inputenc 2015/03/17 v1.2c Input encoding file
\inpenc@prehook=\toks43
\inpenc@posthook=\toks44

(/usr/share/texlive/texmf-dist/tex/latex/base/utf8.def
File: utf8.def 2017/01/28 v1.1t UTF-8 support for inputenc
Now handling font encoding OML ...
... no UTF-8 mapping file for font encoding OML
Now handling font encoding T1 ...
... processing UTF-8 mapping file for font encoding T1

(/usr/share/texlive/texmf-dist/tex/latex/base/t1enc.dfu
File: t1enc.dfu 2017/01/28 v1.1t UTF-8 support for inputenc
   defining Unicode char U+00A0 (decimal 160)
   defining Unicode char U+00A1 (decimal 161)
   defining Unicode char U+00A3 (decimal 163)
   defining Unicode char U+00AB (decimal 171)
   defining Unicode char U+00AD (decimal 173)
   defining Unicode char U+00BB (decimal 187)
   defining Unicode char U+00BF (decimal 191)
   defining Unicode char U+00C0 (decimal 192)
   defining Unicode char U+00C1 (decimal 193)
   defining Unicode char U+00C2 (decimal 194)
   defining Unicode char U+00C3 (decimal 195)
   defining Unicode char U+00C4 (decimal 196)
   defining Unicode char U+00C5 (decimal 197)
   defining Unicode char U+00C6 (decimal 198)
   defining Unicode char U+00C7 (decimal 199)
   defining Unicode char U+00C8 (decimal 200)
   defining Unicode char U+00C9 (decimal 201)
   defining Unicode char U+00CA (decimal 202)
   defining Unicode char U+00CB (decimal 203)
   defining Unicode char U+00CC (decimal 204)
   defining Unicode char U+00CD (decimal 205)
   defining Unicode char U+00CE (decimal 206)
   defining Unicode char U+00CF (decimal 207)
   defining Unicode char U+00D0 (decimal 208)
   defining Unicode char U+00D1 (decimal 209)
   defining Unicode char U+00D2 (decimal 210)
   defining Unicode char U+00D3 (decimal 211)
   defining Unicode char U+00D4 (decimal 212)
   defining Unicode char U+00D5 (decimal 213)
   defining Unicode char U+00D6 (decimal 214)
   defining Unicode char U+00D8 (decimal 216)
   defining Unicode char U+00D9 (decimal 217)
   defining Unicode char U+00DA (decimal 218)
   defining Unicode char U+00DB (decimal 219)
   defining Unicode char U+00DC (decimal 220)
   defining Unicode char U+00DD (decimal 221)
   defining Unicode char U+00DE (decimal 222)
   defining Unicode char U+00DF (decimal 223)
   defining Unicode char U+00E0 (decimal 224)
   defining Unicode char U+00E1 (decimal 225)
   defining Unicode char U+00E2 (decimal 226)
   defining Unicode char U+00E3 (decimal 227)
   defining Unicode char U+00E4 (decimal 228)
   defining Unicode char U+00E5 (decimal 229)
   defining Unicode char U+00E6 (decimal 230)
   defining Unicode char U+00E7 (decimal 231)
   defining Unicode char U+00E8 (decimal 232)
   defining Unicode char U+00E9 (decimal 233)
   defining Unicode char U+00EA (decimal 234)
   defining Unicode char U+00EB (decimal 235)
   defining Unicode char U+00EC (decimal 236)
   defining Unicode char U+00ED (decimal 237)
   defining Unicode char U+00EE (decimal 238)
   defining Unicode char U+00EF (decimal 239)
   defining Unicode char U+00F0 (decimal 240)
   defining Unicode char U+00F1 (decimal 241)
   defining Unicode char U+00F2 (decimal 242)
   defining Unicode char U+00F3 (decimal 243)
   defining Unicode char U+00F4 (decimal 244)
   defining Unicode char U+00F5 (decimal 245)
   defining Unicode char U+00F6 (decimal 246)
   defining Unicode char U+00F8 (decimal 248)
   defining Unicode char U+00F9 (decimal 249)
   defining Unicode char U+00FA (decimal 250)
   defining Unicode char U+00FB (decimal 251)
   defining Unicode char U+00FC (decimal 252)
   defining Unicode char U+00FD (decimal 253)
   defining Unicode char U+00FE (decimal 254)
   defining Unicode char U+00FF (decimal 255)
   defining Unicode char U+0100 (decimal 256)
   defining Unicode char U+0101 (decimal 257)
   defining Unicode char U+0102 (decimal 258)
   defining Unicode char U+0103 (decimal 259)
   defining Unicode char U+0104 (decimal 260)
   defining Unicode char U+0105 (decimal 261)
   defining Unicode char U+0106 (decimal 262)
   defining Unicode char U+0107 (decimal 263)
   defining Unicode char U+0108 (decimal 264)
   defining Unicode char U+0109 (decimal 265)
   defining Unicode char U+010A (decimal 266)
   defining Unicode char U+010B (decimal 267)
   defining Unicode char U+010C (decimal 268)
   defining Unicode char U+010D (decimal 269)
   defining Unicode char U+010E (decimal 270)
   defining Unicode char U+010F (decimal 271)
   defining Unicode char U+0110 (decimal 272)
   defining Unicode char U+0111 (decimal 273)
   defining Unicode char U+0112 (decimal 274)
   defining Unicode char U+0113 (decimal 275)
   defining Unicode char U+0114 (decimal 276)
   defining Unicode char U+0115 (decimal 277)
   defining Unicode char U+0116 (decimal 278)
   defining Unicode char U+0117 (decimal 279)
   defining Unicode char U+0118 (decimal 280)
   defining Unicode char U+0119 (decimal 281)
   defining Unicode char U+011A (decimal 282)
   defining Unicode char U+011B (decimal 283)
   defining Unicode char U+011C (decimal 284)
   defining Unicode char U+011D (decimal 285)
   defining Unicode char U+011E (decimal 286)
   defining Unicode char U+011F (decimal 287)
   defining Unicode char U+0120 (decimal 288)
   defining Unicode char U+0121 (decimal 289)
   defining Unicode char U+0122 (decimal 290)
   defining Unicode char U+0123 (decimal 291)
   defining Unicode char U+0124 (decimal 292)
   defining Unicode char U+0125 (decimal 293)
   defining Unicode char U+0128 (decimal 296)
   defining Unicode char U+0129 (decimal 297)
   defining Unicode char U+012A (decimal 298)
   defining Unicode char U+012B (decimal 299)
   defining Unicode char U+012C (decimal 300)
   defining Unicode char U+012D (decimal 301)
   defining Unicode char U+012E (decimal 302)
   defining Unicode char U+012F (decimal 303)
   defining Unicode char U+0130 (decimal 304)
   defining Unicode char U+0131 (decimal 305)
   defining Unicode char U+0132 (decimal 306)
   defining Unicode char U+0133 (decimal 307)
   defining Unicode char U+0134 (decimal 308)
   defining Unicode char U+0135 (decimal 309)
   defining Unicode char U+0136 (decimal 310)
   defining Unicode char U+0137 (decimal 311)
   defining Unicode char U+0139 (decimal 313)
   defining Unicode char U+013A (decimal 314)
   defining Unicode char U+013B (decimal 315)
   defining Unicode char U+013C (decimal 316)
   defining Unicode char U+013D (decimal 317)
   defining Unicode char U+013E (decimal 318)
   defining Unicode char U+0141 (decimal 321)
   defining Unicode char U+0142 (decimal 322)
   defining Unicode char U+0143 (decimal 323)
   defining Unicode char U+0144 (decimal 324)
   defining Unicode char U+0145 (decimal 325)
   defining Unicode char U+0146 (decimal 326)
   defining Unicode char U+0147 (decimal 327)
   defining Unicode char U+0148 (decimal 328)
   defining Unicode char U+014A (decimal 330)
   defining Unicode char U+014B (decimal 331)
   defining Unicode char U+014C (decimal 332)
   defining Unicode char U+014D (decimal 333)
   defining Unicode char U+014E (decimal 334)
   defining Unicode char U+014F (decimal 335)
   defining Unicode char U+0150 (decimal 336)
   defining Unicode char U+0151 (decimal 337)
   defining Unicode char U+0152 (decimal 338)
   defining Unicode char U+0153 (decimal 339)
   defining Unicode char U+0154 (decimal 340)
   defining Unicode char U+0155 (decimal 341)
   defining Unicode char U+0156 (decimal 342)
   defining Unicode char U+0157 (decimal 343)
   defining Unicode char U+0158 (decimal 344)
   defining Unicode char U+0159 (decimal 345)
   defining Unicode char U+015A (decimal 346)
   defining Unicode char U+015B (decimal 347)
   defining Unicode char U+015C (decimal 348)
   defining Unicode char U+015D (decimal 349)
   defining Unicode char U+015E (decimal 350)
   defining Unicode char U+015F (decimal 351)
   defining Unicode char U+0160 (decimal 352)
   defining Unicode char U+0161 (decimal 353)
   defining Unicode char U+0162 (decimal 354)
   defining Unicode char U+0163 (decimal 355)
   defining Unicode char U+0164 (decimal 356)
   defining Unicode char U+0165 (decimal 357)
   defining Unicode char U+0168 (decimal 360)
   defining Unicode char U+0169 (decimal 361)
   defining Unicode char U+016A (decimal 362)
   defining Unicode char U+016B (decimal 363)
   defining Unicode char U+016C (decimal 364)
   defining Unicode char U+016D (decimal 365)
   defining Unicode char U+016E (decimal 366)
   defining Unicode char U+016F (decimal 367)
   defining Unicode char U+0170 (decimal 368)
   defining Unicode char U+0171 (decimal 369)
   defining Unicode char U+0172 (decimal 370)
   defining Unicode char U+0173 (decimal 371)
   defining Unicode char U+0174 (decimal 372)
   defining Unicode char U+0175 (decimal 373)
   defining Unicode char U+0176 (decimal 374)
   defining Unicode char U+0177 (decimal 375)
   defining Unicode char U+0178 (decimal 376)
   defining Unicode char U+0179 (decimal 377)
   defining Unicode char U+017A (decimal 378)
   defining Unicode char U+017B (decimal 379)
   defining Unicode char U+017C (decimal 380)
   defining Unicode char U+017D (decimal 381)
   defining Unicode char U+017E (decimal 382)
   defining Unicode char U+01CD (decimal 461)
   defining Unicode char U+01CE (decimal 462)
   defining Unicode char U+01CF (decimal 463)
   defining Unicode char U+01D0 (decimal 464)
   defining Unicode char U+01D1 (decimal 465)
   defining Unicode char U+01D2 (decimal 466)
   defining Unicode char U+01D3 (decimal 467)
   defining Unicode char U+01D4 (decimal 468)
   defining Unicode char U+01E2 (decimal 482)
   defining Unicode char U+01E3 (decimal 483)
   defining Unicode char U+01E6 (decimal 486)
   defining Unicode char U+01E7 (decimal 487)
   defining Unicode char U+01E8 (decimal 488)
   defining Unicode char U+01E9 (decimal 489)
   defining Unicode char U+01EA (decimal 490)
   defining Unicode char U+01EB (decimal 491)
   defining Unicode char U+01F0 (decimal 496)
   defining Unicode char U+01F4 (decimal 500)
   defining Unicode char U+01F5 (decimal 501)
   defining Unicode char U+0218 (decimal 536)
   defining Unicode char U+0219 (decimal 537)
   defining Unicode char U+021A (decimal 538)
   defining Unicode char U+021B (decimal 539)
   defining Unicode char U+0232 (decimal 562)
   defining Unicode char U+0233 (decimal 563)
   defining Unicode char U+1E02 (decimal 7682)
   defining Unicode char U+1E03 (decimal 7683)
   defining Unicode char U+200C (decimal 8204)
   defining Unicode char U+2010 (decimal 8208)
   defining Unicode char U+2011 (decimal 8209)
   defining Unicode char U+2012 (decimal 8210)
   defining Unicode char U+2013 (decimal 8211)
   defining Unicode char U+2014 (decimal 8212)
   defining Unicode char U+2015 (decimal 8213)
   defining Unicode char U+2018 (decimal 8216)
   defining Unicode char U+2019 (decimal 8217)
   defining Unicode char U+201A (decimal 8218)
   defining Unicode char U+201C (decimal 8220)
   defining Unicode char U+201D (decimal 8221)
   defining Unicode char U+201E (decimal 8222)
   defining Unicode char U+2030 (decimal 8240)
   defining Unicode char U+2031 (decimal 8241)
   defining Unicode char U+2039 (decimal 8249)
   defining Unicode char U+203A (decimal 8250)
   defining Unicode char U+2423 (decimal 9251)
   defining Unicode char U+1E20 (decimal 7712)
   defining Unicode char U+1E21 (decimal 7713)
)
Now handling font encoding OT1 ...
... processing UTF-8 mapping file for font encoding OT1

(/usr/share/texlive/texmf-dist/tex/latex/base/ot1enc.dfu
File: ot1enc.dfu 2017/01/28 v1.1t UTF-8 support for inputenc
   defining Unicode char U+00A0 (decimal 160)
   defining Unicode char U+00A1 (decimal 161)
   defining Unicode char U+00A3 (decimal 163)
   defining Unicode char U+00AD (decimal 173)
   defining Unicode char U+00B8 (decimal 184)
   defining Unicode char U+00BF (decimal 191)
   defining Unicode char U+00C5 (decimal 197)
   defining Unicode char U+00C6 (decimal 198)
   defining Unicode char U+00D8 (decimal 216)
   defining Unicode char U+00DF (decimal 223)
   defining Unicode char U+00E6 (decimal 230)
   defining Unicode char U+00EC (decimal 236)
   defining Unicode char U+00ED (decimal 237)
   defining Unicode char U+00EE (decimal 238)
   defining Unicode char U+00EF (decimal 239)
   defining Unicode char U+00F8 (decimal 248)
   defining Unicode char U+0131 (decimal 305)
   defining Unicode char U+0141 (decimal 321)
   defining Unicode char U+0142 (decimal 322)
   defining Unicode char U+0152 (decimal 338)
   defining Unicode char U+0153 (decimal 339)
   defining Unicode char U+0174 (decimal 372)
   defining Unicode char U+0175 (decimal 373)
   defining Unicode char U+0176 (decimal 374)
   defining Unicode char U+0177 (decimal 375)
   defining Unicode char U+0218 (decimal 536)
   defining Unicode char U+0219 (decimal 537)
   defining Unicode char U+021A (decimal 538)
   defining Unicode char U+021B (decimal 539)
   defining Unicode char U+2013 (decimal 8211)
   defining Unicode char U+2014 (decimal 8212)
   defining Unicode char U+2018 (decimal 8216)
   defining Unicode char U+2019 (decimal 8217)
   defining Unicode char U+201C (decimal 8220)
   defining Unicode char U+201D (decimal 8221)
)
Now handling font encoding OMS ...
... processing UTF-8 mapping file for font encoding OMS

(/usr/share/texlive/texmf-dist/tex/latex/base/omsenc.dfu
File: omsenc.dfu 2017/01/28 v1.1t UTF-8 support for inputenc
   defining Unicode char U+00A7 (decimal 167)
   defining Unicode char U+00B6 (decimal 182)
   defining Unicode char U+00B7 (decimal 183)
   defining Unicode char U+2020 (decimal 8224)
   defining Unicode char U+2021 (decimal 8225)
   defining Unicode char U+2022 (decimal 8226)
)
Now handling font encoding OMX ...
... no UTF-8 mapping file for font encoding OMX
Now handling font encoding U ...
... no UTF-8 mapping file for font encoding U
Now handling font encoding PD1 ...
... no UTF-8 mapping file for font encoding PD1
   defining Unicode char U+00A9 (decimal 169)
   defining Unicode char U+00AA (decimal 170)
   defining Unicode char U+00AE (decimal 174)
   defining Unicode char U+00BA (decimal 186)
   defining Unicode char U+02C6 (decimal 710)
   defining Unicode char U+02DC (decimal 732)
   defining Unicode char U+200C (decimal 8204)
   defining Unicode char U+2026 (decimal 8230)
   defining Unicode char U+2122 (decimal 8482)
   defining Unicode char U+2423 (decimal 9251)
))
(/usr/share/texlive/texmf-dist/tex/latex/beamer/beamerfontthemeserif.sty)
(/usr/share/texlive/texmf-dist/tex/latex/beamertheme-metropolis/beamerthememetr
opolis.sty
Package: beamerthememetropolis 2017/01/23 v1.2 Metropolis Beamer theme
 (/usr/share/texlive/texmf-dist/tex/latex/pgfopts/pgfopts.sty
Package: pgfopts 2014/07/10 v2.1a LaTeX package options with pgfkeys

(/usr/share/texlive/texmf-dist/tex/latex/pgf/utilities/pgfkeys.sty
(/usr/share/texlive/texmf-dist/tex/generic/pgf/utilities/pgfkeys.code.tex))
\pgfopts@list@add@a@toks=\toks45
\pgfopts@list@add@b@toks=\toks46
)
(/usr/share/texlive/texmf-dist/tex/latex/beamertheme-metropolis/beamerinnerthem
emetropolis.sty
Package: beamerinnerthememetropolis 2017/01/23 Metropolis inner theme
 (/usr/share/texlive/texmf-dist/tex/latex/tools/calc.sty
Package: calc 2014/10/28 v4.3 Infix arithmetic (KKT,FJ)
\calc@Acount=\count154
\calc@Bcount=\count155
\calc@Adimen=\dimen190
\calc@Bdimen=\dimen191
\calc@Askip=\skip57
\calc@Bskip=\skip58
LaTeX Info: Redefining \setlength on input line 80.
LaTeX Info: Redefining \addtolength on input line 81.
\calc@Ccount=\count156
\calc@Cskip=\skip59
)
(/usr/share/texlive/texmf-dist/tex/latex/pgf/frontendlayer/tikz.sty
(/usr/share/texlive/texmf-dist/tex/latex/pgf/basiclayer/pgf.sty
Package: pgf 2015/08/07 v3.0.1a (rcs-revision 1.15)

(/usr/share/texlive/texmf-dist/tex/generic/pgf/modules/pgfmoduleshapes.code.tex
File: pgfmoduleshapes.code.tex 2014/03/21  (rcs-revision 1.35)
\pgfnodeparttextbox=\box53
) (/usr/share/texlive/texmf-dist/tex/generic/pgf/modules/pgfmoduleplot.code.tex
File: pgfmoduleplot.code.tex 2015/08/03  (rcs-revision 1.13)
)
(/usr/share/texlive/texmf-dist/tex/latex/pgf/compatibility/pgfcomp-version-0-65
.sty
Package: pgfcomp-version-0-65 2007/07/03 v3.0.1a (rcs-revision 1.7)
\pgf@nodesepstart=\dimen192
\pgf@nodesepend=\dimen193
)
(/usr/share/texlive/texmf-dist/tex/latex/pgf/compatibility/pgfcomp-version-1-18
.sty
Package: pgfcomp-version-1-18 2007/07/23 v3.0.1a (rcs-revision 1.1)
)) (/usr/share/texlive/texmf-dist/tex/latex/pgf/utilities/pgffor.sty
(/usr/share/texlive/texmf-dist/tex/latex/pgf/math/pgfmath.sty
(/usr/share/texlive/texmf-dist/tex/generic/pgf/math/pgfmath.code.tex))
(/usr/share/texlive/texmf-dist/tex/generic/pgf/utilities/pgffor.code.tex
Package: pgffor 2013/12/13 v3.0.1a (rcs-revision 1.25)

(/usr/share/texlive/texmf-dist/tex/generic/pgf/math/pgfmath.code.tex)
\pgffor@iter=\dimen194
\pgffor@skip=\dimen195
\pgffor@stack=\toks47
\pgffor@toks=\toks48
))
(/usr/share/texlive/texmf-dist/tex/generic/pgf/frontendlayer/tikz/tikz.code.tex
Package: tikz 2015/08/07 v3.0.1a (rcs-revision 1.151)

(/usr/share/texlive/texmf-dist/tex/generic/pgf/libraries/pgflibraryplothandlers
.code.tex
File: pgflibraryplothandlers.code.tex 2013/08/31 v3.0.1a (rcs-revision 1.20)
\pgf@plot@mark@count=\count157
\pgfplotmarksize=\dimen196
)
\tikz@lastx=\dimen197
\tikz@lasty=\dimen198
\tikz@lastxsaved=\dimen199
\tikz@lastysaved=\dimen256
\tikzleveldistance=\dimen257
\tikzsiblingdistance=\dimen258
\tikz@figbox=\box54
\tikz@figbox@bg=\box55
\tikz@tempbox=\box56
\tikz@tempbox@bg=\box57
\tikztreelevel=\count158
\tikznumberofchildren=\count159
\tikznumberofcurrentchild=\count160
\tikz@fig@count=\count161

(/usr/share/texlive/texmf-dist/tex/generic/pgf/modules/pgfmodulematrix.code.tex
File: pgfmodulematrix.code.tex 2013/09/17  (rcs-revision 1.8)
\pgfmatrixcurrentrow=\count162
\pgfmatrixcurrentcolumn=\count163
\pgf@matrix@numberofcolumns=\count164
)
\tikz@expandcount=\count165

(/usr/share/texlive/texmf-dist/tex/generic/pgf/frontendlayer/tikz/libraries/tik
zlibrarytopaths.code.tex
File: tikzlibrarytopaths.code.tex 2008/06/17 v3.0.1a (rcs-revision 1.2)
)))
\metropolis@titleseparator@linewidth=\skip60
\metropolis@progressonsectionpage=\skip61
\metropolis@progressonsectionpage@linewidth=\skip62
\metropolis@blocksep=\skip63
\metropolis@blockadjust=\skip64
\metropolis@parskip=\skip65
)
(/usr/share/texlive/texmf-dist/tex/latex/beamertheme-metropolis/beamerouterthem
emetropolis.sty
Package: beamerouterthememetropolis 2017/01/23 Metropolis outer theme
\metropolis@frametitle@padding=\skip66
\metropolis@progressinheadfoot=\skip67
\metropolis@progressinheadfoot@linewidth=\skip68
)
(/usr/share/texlive/texmf-dist/tex/latex/beamertheme-metropolis/beamercolorthem
emetropolis.sty
Package: beamercolorthememetropolis 2017/01/23 Metropolis color theme
)
(/usr/share/texlive/texmf-dist/tex/latex/beamertheme-metropolis/beamerfonttheme
metropolis.sty
Package: beamerfontthememetropolis 2017/01/23 Metropolis font theme


Package beamerthememetropolis Warning: You need to compile with XeLaTeX or LuaL
aTeX to use the Fira fonts on input line 95.

))
(/usr/share/texlive/texmf-dist/tex/latex/appendixnumberbeamer/appendixnumberbea
mer.sty) (/usr/share/texlive/texmf-dist/tex/latex/natbib/natbib.sty
Package: natbib 2010/09/13 8.31b (PWD, AO)
\bibhang=\skip69
\bibsep=\skip70
LaTeX Info: Redefining \cite on input line 694.
\c@NAT@ctr=\count166
)
(/usr/share/texlive/texmf-dist/tex/latex/booktabs/booktabs.sty
Package: booktabs 2016/04/27 v1.618033 publication quality tables
\heavyrulewidth=\dimen259
\lightrulewidth=\dimen260
\cmidrulewidth=\dimen261
\belowrulesep=\dimen262
\belowbottomsep=\dimen263
\aboverulesep=\dimen264
\abovetopsep=\dimen265
\cmidrulesep=\dimen266
\cmidrulekern=\dimen267
\defaultaddspace=\dimen268
\@cmidla=\count167
\@cmidlb=\count168
\@aboverulesep=\dimen269
\@belowrulesep=\dimen270
\@thisruleclass=\count169
\@lastruleclass=\count170
\@thisrulewidth=\dimen271
)
(/usr/share/texlive/texmf-dist/tex/latex/ccicons/ccicons.sty
Package: ccicons 2017/10/30 v1.6 LaTeX support for Creative Commons icons

(/usr/share/texlive/texmf-dist/tex/latex/xkeyval/xkeyval.sty
Package: xkeyval 2014/12/03 v2.7a package option processing (HA)

(/usr/share/texlive/texmf-dist/tex/generic/xkeyval/xkeyval.tex
(/usr/share/texlive/texmf-dist/tex/generic/xkeyval/xkvutils.tex
\XKV@toks=\toks49
\XKV@tempa@toks=\toks50
)
\XKV@depth=\count171
File: xkeyval.tex 2014/12/03 v2.7a key=value parser (HA)
)))
(/usr/share/texlive/texmf-dist/tex/latex/tools/xspace.sty
Package: xspace 2014/10/28 v1.13 Space after command names (DPC,MH)
)
(/usr/share/texlive/texmf-dist/tex/latex/subfig/subfig.sty
Package: subfig 2005/06/28 ver: 1.3 subfig package

(/usr/share/texlive/texmf-dist/tex/latex/caption/caption.sty
Package: caption 2016/02/21 v3.3-144 Customizing captions (AR)

(/usr/share/texlive/texmf-dist/tex/latex/caption/caption3.sty
Package: caption3 2016/05/22 v1.7-166 caption3 kernel (AR)
Package caption3 Info: TeX engine: e-TeX on input line 67.
\captionmargin=\dimen272
\captionmargin@=\dimen273
\captionwidth=\dimen274
\caption@tempdima=\dimen275
\caption@indent=\dimen276
\caption@parindent=\dimen277
\caption@hangindent=\dimen278
)
\c@ContinuedFloat=\count172
Package caption Info: beamer document class.
Package caption Info: hyperref package is loaded.
Package caption Info: Hyperref support is turned off
(caption)             because hyperref has stopped early.
)
\c@KVtest=\count173
\sf@farskip=\skip71
\sf@captopadj=\dimen279
\sf@capskip=\skip72
\sf@nearskip=\skip73
\c@subfigure=\count174
\c@subfigure@save=\count175
\c@depth=\count176
\c@subtable=\count177
\c@subtable@save=\count178
\sf@top=\skip74
\sf@bottom=\skip75
)
(/usr/share/texlive/texmf-dist/tex/latex/stackengine/stackengine.sty
Package: stackengine 2017/02/13 v4.01\ Stacking text and objects in convenient 
ways

(/usr/share/texlive/texmf-dist/tex/generic/listofitems/listofitems.sty
(/usr/share/texlive/texmf-dist/tex/generic/listofitems/listofitems.tex
\loi_nestcnt=\count179
)
Package: listofitems 2018/01/13 v1.52 Grab items in lists using user-specified 
sep char (CT)
)
\c@@stackindex=\count180
\@boxshift=\skip76
\stack@tmplength=\skip77
\temp@stkl=\skip78
\@stackedboxwidth=\skip79
\@addedbox=\box58
\@anchorbox=\box59
\stackedbox=\box60
\@centerbox=\box61
\c@ROWcellindex@=\count181
)
(/usr/share/texlive/texmf-dist/tex/latex/adjustbox/adjustbox.sty
Package: adjustbox 2012/05/21 v1.0 Adjusting TeX boxes (trim, clip, ...)

(/usr/share/texlive/texmf-dist/tex/latex/adjustbox/adjcalc.sty
Package: adjcalc 2012/05/16 v1.1 Provides advanced setlength with multiple back
-ends (calc, etex, pgfmath)
)
(/usr/share/texlive/texmf-dist/tex/latex/adjustbox/trimclip.sty
Package: trimclip 2012/05/16 v1.0 Trim and clip general TeX material

(/usr/share/texlive/texmf-dist/tex/latex/collectbox/collectbox.sty
Package: collectbox 2012/05/17 v0.4b Collect macro arguments as boxes
\collectedbox=\box62
)
\tc@llx=\dimen280
\tc@lly=\dimen281
\tc@urx=\dimen282
\tc@ury=\dimen283
Package trimclip Info: Using driver 'tc-pdftex.def'.

(/usr/share/texlive/texmf-dist/tex/latex/adjustbox/tc-pdftex.def
File: tc-pdftex.def 2012/05/13 v1.0 Clipping driver for pdftex
))
\adjbox@Width=\dimen284
\adjbox@Height=\dimen285
\adjbox@Depth=\dimen286
\adjbox@Totalheight=\dimen287

(/usr/share/texlive/texmf-dist/tex/latex/ifoddpage/ifoddpage.sty
Package: ifoddpage 2016/04/23 v1.1 Conditionals for odd/even page detection
\c@checkoddpage=\count182
)
(/usr/share/texlive/texmf-dist/tex/latex/varwidth/varwidth.sty
Package: varwidth 2009/03/30 ver 0.92;  Variable-width minipages
\@vwid@box=\box63
\sift@deathcycles=\count183
\@vwid@loff=\dimen288
\@vwid@roff=\dimen289
))
(/usr/share/texlive/texmf-dist/tex/latex/tools/tabularx.sty
Package: tabularx 2016/02/03 v2.11 `tabularx' package (DPC)

(/usr/share/texlive/texmf-dist/tex/latex/tools/array.sty
Package: array 2016/10/06 v2.4d Tabular extension package (FMi)
\col@sep=\dimen290
\extrarowheight=\dimen291
\NC@list=\toks51
\extratabsurround=\skip80
\backup@length=\skip81
)
\TX@col@width=\dimen292
\TX@old@table=\dimen293
\TX@old@col=\dimen294
\TX@target=\dimen295
\TX@delta=\dimen296
\TX@cols=\count184
\TX@ftn=\toks52
)
(/usr/share/texlive/texmf-dist/tex/latex/pgfplots/pgfplots.sty
(/usr/share/texlive/texmf-dist/tex/generic/pgfplots/pgfplots.revision.tex)
Package: pgfplots 2017/06/05 v1.15 Data Visualization (1.15)

(/usr/share/texlive/texmf-dist/tex/generic/pgfplots/pgfplots.code.tex
(/usr/share/texlive/texmf-dist/tex/generic/pgfplots/pgfplotscore.code.tex
\t@pgfplots@toka=\toks53
\t@pgfplots@tokb=\toks54
\t@pgfplots@tokc=\toks55
\pgfplots@tmpa=\dimen297
\c@pgfplots@coordindex=\count185
\c@pgfplots@scanlineindex=\count186

(/usr/share/texlive/texmf-dist/tex/generic/pgfplots/sys/pgfplotssysgeneric.code
.tex))
(/usr/share/texlive/texmf-dist/tex/generic/pgfplots/libs/pgfplotslibrary.code.t
ex)
(/usr/share/texlive/texmf-dist/tex/generic/pgfplots/oldpgfcompatib/pgfplotsoldp
gfsupp_loader.code.tex
(/usr/share/texlive/texmf-dist/tex/generic/pgf/libraries/pgflibraryfpu.code.tex
)
Package pgfplots: loading complementary arithmetics for your pgf version...

(/usr/share/texlive/texmf-dist/tex/generic/pgfplots/oldpgfcompatib/pgfplotsoldp
gfsupp_pgflibraryfpu.code.tex)
(/usr/share/texlive/texmf-dist/tex/generic/pgfplots/oldpgfcompatib/pgfplotsoldp
gfsupp_pgfmathfloat.code.tex
\c@pgfmathroundto@lastzeros=\count187
))
(/usr/share/texlive/texmf-dist/tex/generic/pgfplots/util/pgfplotsutil.code.tex
(/usr/share/texlive/texmf-dist/tex/generic/pgfplots/liststructure/pgfplotslists
tructure.code.tex)
(/usr/share/texlive/texmf-dist/tex/generic/pgfplots/liststructure/pgfplotslists
tructureext.code.tex)
(/usr/share/texlive/texmf-dist/tex/generic/pgfplots/liststructure/pgfplotsarray
.code.tex
\c@pgfplotsarray@tmp=\count188
)
(/usr/share/texlive/texmf-dist/tex/generic/pgfplots/liststructure/pgfplotsmatri
x.code.tex)
(/usr/share/texlive/texmf-dist/tex/generic/pgfplots/numtable/pgfplotstableshare
d.code.tex
\c@pgfplotstable@counta=\count189
\t@pgfplotstable@a=\toks56
)
(/usr/share/texlive/texmf-dist/tex/generic/pgfplots/liststructure/pgfplotsdeque
.code.tex)
(/usr/share/texlive/texmf-dist/tex/generic/pgfplots/util/pgfplotsbinary.code.te
x
(/usr/share/texlive/texmf-dist/tex/generic/pgfplots/util/pgfplotsbinary.data.co
de.tex))
(/usr/share/texlive/texmf-dist/tex/generic/pgfplots/util/pgfplotsutil.verb.code
.tex)
(/usr/share/texlive/texmf-dist/tex/generic/pgfplots/libs/pgflibrarypgfplots.sur
fshading.code.tex
\c@pgfplotslibrarysurf@no=\count190

(/usr/share/texlive/texmf-dist/tex/generic/pgfplots/sys/pgflibrarypgfplots.surf
shading.pgfsys-pdftex.def)))
(/usr/share/texlive/texmf-dist/tex/generic/pgfplots/util/pgfplotscolormap.code.
tex
(/usr/share/texlive/texmf-dist/tex/generic/pgfplots/util/pgfplotscolor.code.tex
))
(/usr/share/texlive/texmf-dist/tex/generic/pgfplots/pgfplotsstackedplots.code.t
ex)
(/usr/share/texlive/texmf-dist/tex/generic/pgfplots/pgfplotsplothandlers.code.t
ex
(/usr/share/texlive/texmf-dist/tex/generic/pgfplots/pgfplotsmeshplothandler.cod
e.tex
(/usr/share/texlive/texmf-dist/tex/generic/pgfplots/pgfplotsmeshplotimage.code.
tex)))
(/usr/share/texlive/texmf-dist/tex/generic/pgfplots/pgfplots.scaling.code.tex)
(/usr/share/texlive/texmf-dist/tex/generic/pgfplots/pgfplotscoordprocessing.cod
e.tex)
(/usr/share/texlive/texmf-dist/tex/generic/pgfplots/pgfplots.errorbars.code.tex
) (/usr/share/texlive/texmf-dist/tex/generic/pgfplots/pgfplots.markers.code.tex
) (/usr/share/texlive/texmf-dist/tex/generic/pgfplots/pgfplotsticks.code.tex)
(/usr/share/texlive/texmf-dist/tex/generic/pgfplots/pgfplots.paths.code.tex)
(/usr/share/texlive/texmf-dist/tex/generic/pgf/frontendlayer/tikz/libraries/tik
zlibrarydecorations.code.tex
(/usr/share/texlive/texmf-dist/tex/generic/pgf/modules/pgfmoduledecorations.cod
e.tex
\pgfdecoratedcompleteddistance=\dimen298
\pgfdecoratedremainingdistance=\dimen299
\pgfdecoratedinputsegmentcompleteddistance=\dimen300
\pgfdecoratedinputsegmentremainingdistance=\dimen301
\pgf@decorate@distancetomove=\dimen302
\pgf@decorate@repeatstate=\count191
\pgfdecorationsegmentamplitude=\dimen303
\pgfdecorationsegmentlength=\dimen304
)
\tikz@lib@dec@box=\box64
)
(/usr/share/texlive/texmf-dist/tex/generic/pgf/frontendlayer/tikz/libraries/tik
zlibrarydecorations.pathmorphing.code.tex
(/usr/share/texlive/texmf-dist/tex/generic/pgf/libraries/decorations/pgflibrary
decorations.pathmorphing.code.tex))
(/usr/share/texlive/texmf-dist/tex/generic/pgf/frontendlayer/tikz/libraries/tik
zlibrarydecorations.pathreplacing.code.tex
(/usr/share/texlive/texmf-dist/tex/generic/pgf/libraries/decorations/pgflibrary
decorations.pathreplacing.code.tex))
\pgfplots@numplots=\count192
\pgfplots@xmin@reg=\dimen305
\pgfplots@xmax@reg=\dimen306
\pgfplots@ymin@reg=\dimen307
\pgfplots@ymax@reg=\dimen308
\pgfplots@zmin@reg=\dimen309
\pgfplots@zmax@reg=\dimen310
)
(/usr/share/texlive/texmf-dist/tex/generic/pgf/frontendlayer/tikz/libraries/tik
zlibraryplotmarks.code.tex
File: tikzlibraryplotmarks.code.tex 2008/01/09 v3.0.1a (rcs-revision 1.1)

(/usr/share/texlive/texmf-dist/tex/generic/pgf/libraries/pgflibraryplotmarks.co
de.tex
File: pgflibraryplotmarks.code.tex 2015/08/03 v3.0.1a (rcs-revision 1.14)
))) (/usr/share/texlive/texmf-dist/tex/latex/tools/multicol.sty
Package: multicol 2017/04/11 v1.8q multicolumn formatting (FMi)
\c@tracingmulticols=\count193
\mult@box=\box65
\multicol@leftmargin=\dimen311
\c@unbalance=\count194
\c@collectmore=\count195
\doublecol@number=\count196
\multicoltolerance=\count197
\multicolpretolerance=\count198
\full@width=\dimen312
\page@free=\dimen313
\premulticols=\dimen314
\postmulticols=\dimen315
\multicolsep=\skip82
\multicolbaselineskip=\skip83
\partial@page=\box66
\last@line=\box67
\maxbalancingoverflow=\dimen316
\mult@rightbox=\box68
\mult@grightbox=\box69
\mult@gfirstbox=\box70
\mult@firstbox=\box71
\@tempa=\box72
\@tempa=\box73
\@tempa=\box74
\@tempa=\box75
\@tempa=\box76
\@tempa=\box77
\@tempa=\box78
\@tempa=\box79
\@tempa=\box80
\@tempa=\box81
\@tempa=\box82
\@tempa=\box83
\@tempa=\box84
\@tempa=\box85
\@tempa=\box86
\@tempa=\box87
\@tempa=\box88
\c@columnbadness=\count199
\c@finalcolumnbadness=\count266
\last@try=\dimen317
\multicolovershoot=\dimen318
\multicolundershoot=\dimen319
\mult@nat@firstbox=\box89
\colbreak@box=\box90
\mc@col@check@num=\count267
)
(/usr/share/texlive/texmf-dist/tex/latex/setspace/setspace.sty
Package: setspace 2011/12/19 v6.7a set line spacing
)
(/usr/share/texlive/texmf-dist/tex/latex/beamertheme-metropolis/pgfplotsthemeto
l.sty
Package: pgfplotsthemetol 2017/01/23 PGFplots colors based on Paul Tol's SRON t
echnical note
) (./expo.aux)
\openout1 = `expo.aux'.

LaTeX Font Info:    Checking defaults for OML/cmm/m/it on input line 73.
LaTeX Font Info:    ... okay on input line 73.
LaTeX Font Info:    Checking defaults for T1/cmr/m/n on input line 73.
LaTeX Font Info:    ... okay on input line 73.
LaTeX Font Info:    Checking defaults for OT1/cmr/m/n on input line 73.
LaTeX Font Info:    ... okay on input line 73.
LaTeX Font Info:    Checking defaults for OMS/cmsy/m/n on input line 73.
LaTeX Font Info:    ... okay on input line 73.
LaTeX Font Info:    Checking defaults for OMX/cmex/m/n on input line 73.
LaTeX Font Info:    ... okay on input line 73.
LaTeX Font Info:    Checking defaults for U/cmr/m/n on input line 73.
LaTeX Font Info:    ... okay on input line 73.
LaTeX Font Info:    Checking defaults for PD1/pdf/m/n on input line 73.
LaTeX Font Info:    ... okay on input line 73.

*geometry* driver: auto-detecting
*geometry* detected driver: pdftex
*geometry* verbose mode - [ preamble ] result:
* driver: pdftex
* paper: custom
* layout: <same size as paper>
* layoutoffset:(h,v)=(0.0pt,0.0pt)
* modes: includehead includefoot 
* h-part:(L,W,R)=(28.45274pt, 307.28987pt, 28.45274pt)
* v-part:(T,H,B)=(0.0pt, 273.14662pt, 0.0pt)
* \paperwidth=364.19536pt
* \paperheight=273.14662pt
* \textwidth=307.28987pt
* \textheight=244.6939pt
* \oddsidemargin=-43.81725pt
* \evensidemargin=-43.81725pt
* \topmargin=-72.26999pt
* \headheight=14.22636pt
* \headsep=0.0pt
* \topskip=10.0pt
* \footskip=14.22636pt
* \marginparwidth=3.0pt
* \marginparsep=11.0pt
* \columnsep=10.0pt
* \skip\footins=9.0pt plus 4.0pt minus 2.0pt
* \hoffset=0.0pt
* \voffset=0.0pt
* \mag=1000
* \@twocolumnfalse
* \@twosidefalse
* \@mparswitchfalse
* \@reversemarginfalse
* (1in=72.27pt=25.4mm, 1cm=28.453pt)

(/usr/share/texlive/texmf-dist/tex/context/base/mkii/supp-pdf.mkii
[Loading MPS to PDF converter (version 2006.09.02).]
\scratchcounter=\count268
\scratchdimen=\dimen320
\scratchbox=\box91
\nofMPsegments=\count269
\nofMParguments=\count270
\everyMPshowfont=\toks57
\MPscratchCnt=\count271
\MPscratchDim=\dimen321
\MPnumerator=\count272
\makeMPintoPDFobject=\count273
\everyMPtoPDFconversion=\toks58
) (/usr/share/texlive/texmf-dist/tex/latex/oberdiek/epstopdf-base.sty
Package: epstopdf-base 2016/05/15 v2.6 Base part for package epstopdf

(/usr/share/texlive/texmf-dist/tex/latex/oberdiek/grfext.sty
Package: grfext 2016/05/16 v1.2 Manage graphics extensions (HO)
)
Package epstopdf-base Info: Redefining graphics rule for `.eps' on input line 4
38.
Package grfext Info: Graphics extension search list:
(grfext)             [.pdf,.png,.jpg,.mps,.jpeg,.jbig2,.jb2,.PDF,.PNG,.JPG,.JPE
G,.JBIG2,.JB2,.eps]
(grfext)             \AppendGraphicsExtensions on input line 456.

(/usr/share/texlive/texmf-dist/tex/latex/latexconfig/epstopdf-sys.cfg
File: epstopdf-sys.cfg 2010/07/13 v1.3 Configuration of (r)epstopdf for TeX Liv
e
))
ABD: EveryShipout initializing macros
\AtBeginShipoutBox=\box92
Package hyperref Info: Link coloring OFF on input line 73.

(/usr/share/texlive/texmf-dist/tex/latex/hyperref/nameref.sty
Package: nameref 2016/05/21 v2.44 Cross-referencing by name of section

(/usr/share/texlive/texmf-dist/tex/generic/oberdiek/gettitlestring.sty
Package: gettitlestring 2016/05/16 v1.5 Cleanup title references (HO)
)
\c@section@level=\count274
)
LaTeX Info: Redefining \ref on input line 73.
LaTeX Info: Redefining \pageref on input line 73.
LaTeX Info: Redefining \nameref on input line 73.

(./expo.out) (./expo.out)
\@outlinefile=\write5
\openout5 = `expo.out'.


(/usr/share/texlive/texmf-dist/tex/latex/translator/translator-basic-dictionary
-English.dict
Dictionary: translator-basic-dictionary, Language: English 
)
(/usr/share/texlive/texmf-dist/tex/latex/translator/translator-bibliography-dic
tionary-English.dict
Dictionary: translator-bibliography-dictionary, Language: English 
)
(/usr/share/texlive/texmf-dist/tex/latex/translator/translator-environment-dict
ionary-English.dict
Dictionary: translator-environment-dictionary, Language: English 
)
(/usr/share/texlive/texmf-dist/tex/latex/translator/translator-months-dictionar
y-English.dict
Dictionary: translator-months-dictionary, Language: English 
)
(/usr/share/texlive/texmf-dist/tex/latex/translator/translator-numbers-dictiona
ry-English.dict
Dictionary: translator-numbers-dictionary, Language: English 
)
(/usr/share/texlive/texmf-dist/tex/latex/translator/translator-theorem-dictiona
ry-English.dict
Dictionary: translator-theorem-dictionary, Language: English 
)
Package caption Info: Begin \AtBeginDocument code.
Package caption Info: subfig package v1.3 is loaded.
Package caption Info: End \AtBeginDocument code.

Package pgfplots notification 'compat/show suggested version=true': you might b
enefit from \pgfplotsset{compat=1.15} (current compat level: 1.9).

(./expo.nav)
<imagenes/logo-umsa.png, id=33, 1204.5pt x 2431.0825pt>
File: imagenes/logo-umsa.png Graphic file (type png)
<use imagenes/logo-umsa.png>
Package pdftex.def Info: imagenes/logo-umsa.png  used on input line 78.
(pdftex.def)             Requested size: 56.38728pt x 113.81102pt.

Overfull \vbox (39.39362pt too high) detected at line 78
 []

[1

{/var/lib/texmf/fonts/map/pdftex/updmap/pdftex.map} <./imagenes/logo-umsa.png>]
LaTeX Font Info:    Try loading font information for U+msa on input line 85.
 (/usr/share/texlive/texmf-dist/tex/latex/amsfonts/umsa.fd
File: umsa.fd 2013/01/14 v3.01 AMS symbols A
)
LaTeX Font Info:    Try loading font information for U+msb on input line 85.

(/usr/share/texlive/texmf-dist/tex/latex/amsfonts/umsb.fd
File: umsb.fd 2013/01/14 v3.01 AMS symbols B
) [2

]
\openout4 = `expo.vrb'.

 (./expo.vrb
<imagenes/fiction.jpeg, id=51, 702.625pt x 377.41pt>
File: imagenes/fiction.jpeg Graphic file (type jpg)
<use imagenes/fiction.jpeg>
Package pdftex.def Info: imagenes/fiction.jpeg  used on input line 21.
(pdftex.def)             Requested size: 150.79968pt x 80.99759pt.
<imagenes/zoox.png, id=52, 1927.2pt x 1084.05pt>
File: imagenes/zoox.png Graphic file (type png)
<use imagenes/zoox.png>
Package pdftex.def Info: imagenes/zoox.png  used on input line 22.
(pdftex.def)             Requested size: 145.10922pt x 81.61452pt.
<imagenes/comma.jpg, id=53, 1283.79625pt x 720.6925pt>
File: imagenes/comma.jpg Graphic file (type jpg)
<use imagenes/comma.jpg>
Package pdftex.def Info: imagenes/comma.jpg  used on input line 28.
(pdftex.def)             Requested size: 142.26378pt x 79.85925pt.
)
Overfull \vbox (20.6346pt too high) detected at line 118
 []

[3

 <./imagenes/fiction.jpeg> <./imagenes/zoox.png> <./imagenes/comma.jpg>]
\openout4 = `expo.vrb'.


(./expo.vrb
<imagenes/dave-1.jpg, id=59, 590.205pt x 426.59375pt>
File: imagenes/dave-1.jpg Graphic file (type jpg)
<use imagenes/dave-1.jpg>
Package pdftex.def Info: imagenes/dave-1.jpg  used on input line 5.
(pdftex.def)             Requested size: 99.58464pt x 71.97319pt.
<imagenes/darpa.jpg, id=60, 173.448pt x 132.495pt>
File: imagenes/darpa.jpg Graphic file (type jpg)
<use imagenes/darpa.jpg>
Package pdftex.def Info: imagenes/darpa.jpg  used on input line 6.
(pdftex.def)             Requested size: 99.58464pt x 76.0708pt.
<imagenes/audi.png, id=61, 813.0375pt x 461.725pt>
File: imagenes/audi.png Graphic file (type png)
<use imagenes/audi.png>
Package pdftex.def Info: imagenes/audi.png  used on input line 12.
(pdftex.def)             Requested size: 128.0374pt x 72.70798pt.
)
Overfull \vbox (7.9396pt too high) detected at line 136
 []

[4

 <./imagenes/dave-1.jpg> <./imagenes/darpa.jpg> <./imagenes/audi.png>]
\openout4 = `expo.vrb'.


(./expo.vrb) [5

]
\openout4 = `expo.vrb'.

 (./expo.vrb
LaTeX Font Info:    Try loading font information for OMS+cmss on input line 3.
LaTeX Font Info:    No file OMScmss.fd. on input line 3.


LaTeX Font Warning: Font shape `OMS/cmss/m/n' undefined
(Font)              using `OMS/cmsy/m/n' instead
(Font)              for symbol `textbullet' on input line 3.

) [6

] (./expo.vrb) [7

] (./expo.vrb) [8

]
\openout4 = `expo.vrb'.

 (./expo.vrb) [9

] (./expo.vrb) [10

]
(./expo.vrb) [11

]
\openout4 = `expo.vrb'.

 (./expo.vrb) [12

]
\openout4 = `expo.vrb'.

 (./expo.vrb
<imagenes/cam.jpeg, id=111, 1284.8pt x 1284.8pt>
File: imagenes/cam.jpeg Graphic file (type jpg)
<use imagenes/cam.jpeg>
Package pdftex.def Info: imagenes/cam.jpeg  used on input line 5.
(pdftex.def)             Requested size: 85.35826pt x 85.35774pt.
<imagenes/octocat.png, id=112, 803.0pt x 667.49374pt>
File: imagenes/octocat.png Graphic file (type png)
<use imagenes/octocat.png>
Package pdftex.def Info: imagenes/octocat.png  used on input line 6.
(pdftex.def)             Requested size: 85.35826pt x 70.94955pt.
<imagenes/obj_det.jpeg, id=113, 1606.0pt x 963.6pt>
File: imagenes/obj_det.jpeg Graphic file (type jpg)
<use imagenes/obj_det.jpeg>
Package pdftex.def Info: imagenes/obj_det.jpeg  used on input line 7.
(pdftex.def)             Requested size: 99.58464pt x 59.73964pt.
) [13

 <./imagenes/cam.jpeg> <./imagenes/octocat.png> <./imagenes/obj_det.jpeg>]
\openout4 = `expo.vrb'.

 (./expo.vrb
<imagenes/steering.jpg, id=121, 896.34875pt x 390.45876pt>
File: imagenes/steering.jpg Graphic file (type jpg)
<use imagenes/steering.jpg>
Package pdftex.def Info: imagenes/steering.jpg  used on input line 5.
(pdftex.def)             Requested size: 142.26378pt x 61.96825pt.
<imagenes/distance.png, id=122, 451.6875pt x 254.45062pt>
File: imagenes/distance.png Graphic file (type png)
<use imagenes/distance.png>
Package pdftex.def Info: imagenes/distance.png  used on input line 6.
(pdftex.def)             Requested size: 128.0374pt x 72.12703pt.
<imagenes/semseg1.jpg, id=123, 803.0pt x 383.4325pt>
File: imagenes/semseg1.jpg Graphic file (type jpg)
<use imagenes/semseg1.jpg>
Package pdftex.def Info: imagenes/semseg1.jpg  used on input line 12.
(pdftex.def)             Requested size: 170.71652pt x 81.5178pt.
) [14

 <./imagenes/steering.jpg> <./imagenes/distance.png> <./imagenes/semseg1.jpg>]
\openout4 = `expo.vrb'.

 (./expo.vrb
<imagenes/lidar.jpg, id=130, 1405.25pt x 702.625pt>
File: imagenes/lidar.jpg Graphic file (type jpg)
<use imagenes/lidar.jpg>
Package pdftex.def Info: imagenes/lidar.jpg  used on input line 6.
(pdftex.def)             Requested size: 142.26378pt x 71.1243pt.
<imagenes/path.png, id=131, 1003.75pt x 399.4925pt>
File: imagenes/path.png Graphic file (type png)
<use imagenes/path.png>
Package pdftex.def Info: imagenes/path.png  used on input line 7.
(pdftex.def)             Requested size: 128.0374pt x 50.95442pt.
<imagenes/doblevia.jpg, id=132, 502.87875pt x 376.40625pt>
File: imagenes/doblevia.jpg Graphic file (type jpg)
<use imagenes/doblevia.jpg>
Package pdftex.def Info: imagenes/doblevia.jpg  used on input line 13.
(pdftex.def)             Requested size: 142.26378pt x 106.48428pt.
<imagenes/lluvia.jpg, id=133, 690.58pt x 479.7925pt>
File: imagenes/lluvia.jpg Graphic file (type jpg)
<use imagenes/lluvia.jpg>
Package pdftex.def Info: imagenes/lluvia.jpg  used on input line 14.
(pdftex.def)             Requested size: 128.0374pt x 88.95056pt.
)
Overfull \vbox (6.84448pt too high) detected at line 213
 []

[15

 <./imagenes/lidar.jpg> <./imagenes/path.png (PNG copy)> <./imagenes/doblevia.j
pg> <./imagenes/lluvia.jpg>]
\openout4 = `expo.vrb'.

 (./expo.vrb
<imagenes/crisp.png, id=139, 498.86375pt x 495.8525pt>
File: imagenes/crisp.png Graphic file (type png)
<use imagenes/crisp.png>
Package pdftex.def Info: imagenes/crisp.png  used on input line 5.
(pdftex.def)             Requested size: 113.81102pt x 113.1206pt.
<imagenes/ibm.png, id=140, 5018.75pt x 2007.5pt>
File: imagenes/ibm.png Graphic file (type png)
<use imagenes/ibm.png>
Package pdftex.def Info: imagenes/ibm.png  used on input line 7.
(pdftex.def)             Requested size: 142.26378pt x 56.88351pt.
) [16

 <./imagenes/crisp.png> <./imagenes/ibm.png>] [17

]
\openout4 = `expo.vrb'.

 (./expo.vrb
<imagenes/waymo.jpg, id=153, 678.28406pt x 398.99063pt>
File: imagenes/waymo.jpg Graphic file (type jpg)
<use imagenes/waymo.jpg>
Package pdftex.def Info: imagenes/waymo.jpg  used on input line 5.
(pdftex.def)             Requested size: 142.26378pt x 83.68091pt.
<imagenes/zoox2.jpg, id=154, 642.4pt x 361.35pt>
File: imagenes/zoox2.jpg Graphic file (type jpg)
<use imagenes/zoox2.jpg>
Package pdftex.def Info: imagenes/zoox2.jpg  used on input line 6.
(pdftex.def)             Requested size: 145.10922pt x 81.62004pt.
<imagenes/tesla.png, id=155, 1548.78625pt x 772.8875pt>
File: imagenes/tesla.png Graphic file (type png)
<use imagenes/tesla.png>
Package pdftex.def Info: imagenes/tesla.png  used on input line 12.
(pdftex.def)             Requested size: 199.16928pt x 99.38211pt.
)
Overfull \vbox (2.29892pt too high) detected at line 239
 []

[18

 <./imagenes/waymo.jpg> <./imagenes/zoox2.jpg> <./imagenes/tesla.png>]
\openout4 = `expo.vrb'.


(./expo.vrb
<imagenes/pixels2.png, id=161, 347.2975pt x 295.1025pt>
File: imagenes/pixels2.png Graphic file (type png)
<use imagenes/pixels2.png>
Package pdftex.def Info: imagenes/pixels2.png  used on input line 5.
(pdftex.def)             Requested size: 142.26378pt x 120.88472pt.
<imagenes/conv1.pdf, id=162, 341.4326pt x 331.61188pt>
File: imagenes/conv1.pdf Graphic file (type pdf)
<use imagenes/conv1.pdf>
Package pdftex.def Info: imagenes/conv1.pdf  used on input line 7.
(pdftex.def)             Requested size: 145.10922pt x 140.93571pt.
) [19

 <./imagenes/pixels2.png> <./imagenes/conv1.pdf>]
\openout4 = `expo.vrb'.

 (./expo.vrb
<imagenes/dilatacion.pdf, id=198, 433.62pt x 202.356pt>
File: imagenes/dilatacion.pdf Graphic file (type pdf)
<use imagenes/dilatacion.pdf>
Package pdftex.def Info: imagenes/dilatacion.pdf  used on input line 5.
(pdftex.def)             Requested size: 150.79968pt x 70.37177pt.
<imagenes/erosion.pdf, id=199, 289.08pt x 180.675pt>
File: imagenes/erosion.pdf Graphic file (type pdf)
<use imagenes/erosion.pdf>
Package pdftex.def Info: imagenes/erosion.pdf  used on input line 6.
(pdftex.def)             Requested size: 142.26378pt x 88.91472pt.
<imagenes/apertura.pdf, id=200, 758.835pt x 202.356pt>
File: imagenes/apertura.pdf Graphic file (type pdf)
<use imagenes/apertura.pdf>
Package pdftex.def Info: imagenes/apertura.pdf  used on input line 12.
(pdftex.def)             Requested size: 284.52756pt x 75.87404pt.
)
[20

 <./imagenes/dilatacion.pdf> <./imagenes/erosion.pdf

pdfTeX warning: /usr/bin/pdflatex (file ./imagenes/erosion.pdf): PDF inclusion:
 multiple pdfs with page group included in a single page
> <./imagenes/apertura.pdf

pdfTeX warning: /usr/bin/pdflatex (file ./imagenes/apertura.pdf): PDF inclusion
: multiple pdfs with page group included in a single page
>]
\openout4 = `expo.vrb'.

 (./expo.vrb
<imagenes/ff.png, id=281, 362.10281pt x 393.72093pt>
File: imagenes/ff.png Graphic file (type png)
<use imagenes/ff.png>
Package pdftex.def Info: imagenes/ff.png  used on input line 5.
(pdftex.def)             Requested size: 122.34692pt x 133.02827pt.
<imagenes/kmeans.png, id=282, 793.96625pt x 719.68875pt>
File: imagenes/kmeans.png Graphic file (type png)
<use imagenes/kmeans.png>
Package pdftex.def Info: imagenes/kmeans.png  used on input line 7.
(pdftex.def)             Requested size: 156.49014pt x 141.8487pt.
) [21

 <./imagenes/ff.png> <./imagenes/kmeans.png>]
\openout4 = `expo.vrb'.

 (./expo.vrb
<imagenes/depth2.jpg, id=288, 513.92pt x 189.70876pt>
File: imagenes/depth2.jpg Graphic file (type jpg)
<use imagenes/depth2.jpg>
Package pdftex.def Info: imagenes/depth2.jpg  used on input line 5.
(pdftex.def)             Requested size: 227.62204pt x 84.025pt.
<imagenes/obj.jpg, id=289, 513.92pt x 201.75375pt>
File: imagenes/obj.jpg Graphic file (type jpg)
<use imagenes/obj.jpg>
Package pdftex.def Info: imagenes/obj.jpg  used on input line 11.
(pdftex.def)             Requested size: 284.52756pt x 111.70065pt.
)
Overfull \vbox (4.96155pt too high) detected at line 291
 []

[22

 <./imagenes/depth2.jpg> <./imagenes/obj.jpg>]
\openout4 = `expo.vrb'.

 (./expo.vrb
<imagenes/linear_fit.png, id=295, 433.62pt x 289.08pt>
File: imagenes/linear_fit.png Graphic file (type png)
<use imagenes/linear_fit.png>
Package pdftex.def Info: imagenes/linear_fit.png  used on input line 5.
(pdftex.def)             Requested size: 145.10922pt x 96.73763pt.
<imagenes/logistic_reg.png, id=296, 533.995pt x 350.30875pt>
File: imagenes/logistic_reg.png Graphic file (type png)
<use imagenes/logistic_reg.png>
Package pdftex.def Info: imagenes/logistic_reg.png  used on input line 7.
(pdftex.def)             Requested size: 142.26378pt x 93.32848pt.
) [23

 <./imagenes/linear_fit.png> <./imagenes/logistic_reg.png>]
\openout4 = `expo.vrb'.

 (./expo.vrb
<imagenes/NeuralNetwork.pdf, id=309, 377.49028pt x 350.26859pt>
File: imagenes/NeuralNetwork.pdf Graphic file (type pdf)
<use imagenes/NeuralNetwork.pdf>
Package pdftex.def Info: imagenes/NeuralNetwork.pdf  used on input line 5.
(pdftex.def)             Requested size: 113.81102pt x 105.60516pt.
<imagenes/sgd.png, id=310, 601.24625pt x 435.6275pt>
File: imagenes/sgd.png Graphic file (type png)
<use imagenes/sgd.png>
Package pdftex.def Info: imagenes/sgd.png  used on input line 7.
(pdftex.def)             Requested size: 113.81102pt x 82.45766pt.
<imagenes/ema.pdf, id=311, 722.7pt x 433.62pt>
File: imagenes/ema.pdf Graphic file (type pdf)
<use imagenes/ema.pdf>
Package pdftex.def Info: imagenes/ema.pdf  used on input line 9.
(pdftex.def)             Requested size: 170.71652pt x 102.43002pt.
)
Overfull \vbox (17.27109pt too high) detected at line 317
 []

[24

 <./imagenes/NeuralNetwork.pdf

pdfTeX warning: /usr/bin/pdflatex (file ./imagenes/NeuralNetwork.pdf): PDF incl
usion: invalid other resource which is no dict (key 'ProcSets', type <array>); 
ignored.
> <./imagenes/sgd.png> <./imagenes/ema.pdf>] (./expo.vrb
File: imagenes/NeuralNetwork.pdf Graphic file (type pdf)
<use imagenes/NeuralNetwork.pdf>
Package pdftex.def Info: imagenes/NeuralNetwork.pdf  used on input line 5.
(pdftex.def)             Requested size: 113.81102pt x 105.60516pt.
File: imagenes/sgd.png Graphic file (type png)
<use imagenes/sgd.png>
Package pdftex.def Info: imagenes/sgd.png  used on input line 7.
(pdftex.def)             Requested size: 113.81102pt x 82.45766pt.
File: imagenes/ema.pdf Graphic file (type pdf)
<use imagenes/ema.pdf>
Package pdftex.def Info: imagenes/ema.pdf  used on input line 9.
(pdftex.def)             Requested size: 170.71652pt x 102.43002pt.
)
Overfull \vbox (17.27109pt too high) detected at line 317
 []

[25

] (./expo.vrb
File: imagenes/NeuralNetwork.pdf Graphic file (type pdf)
<use imagenes/NeuralNetwork.pdf>
Package pdftex.def Info: imagenes/NeuralNetwork.pdf  used on input line 5.
(pdftex.def)             Requested size: 113.81102pt x 105.60516pt.
File: imagenes/sgd.png Graphic file (type png)
<use imagenes/sgd.png>
Package pdftex.def Info: imagenes/sgd.png  used on input line 7.
(pdftex.def)             Requested size: 113.81102pt x 82.45766pt.
File: imagenes/ema.pdf Graphic file (type pdf)
<use imagenes/ema.pdf>
Package pdftex.def Info: imagenes/ema.pdf  used on input line 9.
(pdftex.def)             Requested size: 170.71652pt x 102.43002pt.
)
Overfull \vbox (17.27109pt too high) detected at line 317
 []

[26

]
\openout4 = `expo.vrb'.

 (./expo.vrb
<imagenes/lenet.png, id=408, 1628.0825pt x 469.755pt>
File: imagenes/lenet.png Graphic file (type png)
<use imagenes/lenet.png>
Package pdftex.def Info: imagenes/lenet.png  used on input line 5.
(pdftex.def)             Requested size: 156.49014pt x 45.15044pt.
<imagenes/bottleneck.png, id=409, 1030.85126pt x 421.575pt>
File: imagenes/bottleneck.png Graphic file (type png)
<use imagenes/bottleneck.png>
Package pdftex.def Info: imagenes/bottleneck.png  used on input line 6.
(pdftex.def)             Requested size: 156.49014pt x 63.99257pt.

Overfull \hbox (12.35707pt too wide) in paragraph at lines 5--7
 [][] 
 []

<imagenes/fastdepth.png, id=410, 4023.03pt x 640.3925pt>
File: imagenes/fastdepth.png Graphic file (type png)
<use imagenes/fastdepth.png>
Package pdftex.def Info: imagenes/fastdepth.png  used on input line 13.
(pdftex.def)             Requested size: 303.86276pt x 48.36958pt.
) [27

 <./imagenes/lenet.png> <./imagenes/bottleneck.png> <./imagenes/fastdepth.png>]
 (./expo.vrb
File: imagenes/lenet.png Graphic file (type png)
<use imagenes/lenet.png>
Package pdftex.def Info: imagenes/lenet.png  used on input line 5.
(pdftex.def)             Requested size: 156.49014pt x 45.15044pt.
File: imagenes/bottleneck.png Graphic file (type png)
<use imagenes/bottleneck.png>
Package pdftex.def Info: imagenes/bottleneck.png  used on input line 6.
(pdftex.def)             Requested size: 156.49014pt x 63.99257pt.

Overfull \hbox (12.35707pt too wide) in paragraph at lines 5--7
 [][] 
 []

File: imagenes/fastdepth.png Graphic file (type png)
<use imagenes/fastdepth.png>
Package pdftex.def Info: imagenes/fastdepth.png  used on input line 13.
(pdftex.def)             Requested size: 303.86276pt x 48.36958pt.
) [28

] (./expo.vrb
File: imagenes/lenet.png Graphic file (type png)
<use imagenes/lenet.png>
Package pdftex.def Info: imagenes/lenet.png  used on input line 5.
(pdftex.def)             Requested size: 156.49014pt x 45.15044pt.
File: imagenes/bottleneck.png Graphic file (type png)
<use imagenes/bottleneck.png>
Package pdftex.def Info: imagenes/bottleneck.png  used on input line 6.
(pdftex.def)             Requested size: 156.49014pt x 63.99257pt.

Overfull \hbox (12.35707pt too wide) in paragraph at lines 5--7
 [][] 
 []

File: imagenes/fastdepth.png Graphic file (type png)
<use imagenes/fastdepth.png>
Package pdftex.def Info: imagenes/fastdepth.png  used on input line 13.
(pdftex.def)             Requested size: 303.86276pt x 48.36958pt.
) [29

]
\openout4 = `expo.vrb'.

 (./expo.vrb
<imagenes/scorecam_net.png, id=429, 1748.5325pt x 955.57pt>
File: imagenes/scorecam_net.png Graphic file (type png)
<use imagenes/scorecam_net.png>
Package pdftex.def Info: imagenes/scorecam_net.png  used on input line 5.
(pdftex.def)             Requested size: 312.37439pt x 170.71652pt.

Overfull \hbox (5.08452pt too wide) in paragraph at lines 5--6
 [] 
 []

) [30

 <./imagenes/scorecam_net.png>]
\openout4 = `expo.vrb'.

 (./expo.vrb
<imagenes/iou.png, id=436, 602.25pt x 469.755pt>
File: imagenes/iou.png Graphic file (type png)
<use imagenes/iou.png>
Package pdftex.def Info: imagenes/iou.png  used on input line 13.
(pdftex.def)             Requested size: 109.42955pt x 85.35826pt.

Overfull \hbox (13.66626pt too wide) in paragraph at lines 10--14
[][]  
 []

) [31

 <./imagenes/iou.png>] (./expo.vrb
File: imagenes/iou.png Graphic file (type png)
<use imagenes/iou.png>
Package pdftex.def Info: imagenes/iou.png  used on input line 13.
(pdftex.def)             Requested size: 109.42955pt x 85.35826pt.

Overfull \hbox (13.66626pt too wide) in paragraph at lines 10--14
[][]  
 []

) [32

] (./expo.vrb
File: imagenes/iou.png Graphic file (type png)
<use imagenes/iou.png>
Package pdftex.def Info: imagenes/iou.png  used on input line 13.
(pdftex.def)             Requested size: 109.42955pt x 85.35826pt.

Overfull \hbox (13.66626pt too wide) in paragraph at lines 10--14
[][][]  
 []

) [33

] [34

]
\openout4 = `expo.vrb'.

 (./expo.vrb
<imagenes/arquitectura_proyecto.pdf, id=460, 529.01637pt x 117.3183pt>
File: imagenes/arquitectura_proyecto.pdf Graphic file (type pdf)
<use imagenes/arquitectura_proyecto.pdf>
Package pdftex.def Info: imagenes/arquitectura_proyecto.pdf  used on input line
 5.
(pdftex.def)             Requested size: 284.52756pt x 63.10031pt.
) [35

 <./imagenes/arquitectura_proyecto.pdf

pdfTeX warning: /usr/bin/pdflatex (file ./imagenes/arquitectura_proyecto.pdf): 
PDF inclusion: invalid other resource which is no dict (key 'ProcSets', type <a
rray>); ignored.
>]
\openout4 = `expo.vrb'.

 (./expo.vrb
<imagenes/arquitectura-extraccion.pdf, id=475, 240.9pt x 263.06279pt>
File: imagenes/arquitectura-extraccion.pdf Graphic file (type pdf)
<use imagenes/arquitectura-extraccion.pdf>
Package pdftex.def Info: imagenes/arquitectura-extraccion.pdf  used on input li
ne 5.
(pdftex.def)             Requested size: 142.26378pt x 155.3542pt.
) [36

 <./imagenes/arquitectura-extraccion.pdf

pdfTeX warning: /usr/bin/pdflatex (file ./imagenes/arquitectura-extraccion.pdf)
: PDF inclusion: invalid other resource which is no dict (key 'ProcSets', type 
<array>); ignored.
>]
\openout4 = `expo.vrb'.

 (./expo.vrb
<imagenes/depth.pdf, id=490, 722.7pt x 202.356pt>
File: imagenes/depth.pdf Graphic file (type pdf)
<use imagenes/depth.pdf>
Package pdftex.def Info: imagenes/depth.pdf  used on input line 5.
(pdftex.def)             Requested size: 284.52756pt x 79.66882pt.
) [37

 <./imagenes/depth.pdf>]
\openout4 = `expo.vrb'.

 (./expo.vrb
<imagenes/semseg.pdf, id=525, 505.89pt x 202.356pt>
File: imagenes/semseg.pdf Graphic file (type pdf)
<use imagenes/semseg.pdf>
Package pdftex.def Info: imagenes/semseg.pdf  used on input line 5.
(pdftex.def)             Requested size: 284.52756pt x 113.8126pt.
) [38

 <./imagenes/semseg.pdf>]
\openout4 = `expo.vrb'.

 (./expo.vrb
<imagenes/arquitectura_entrenamiento.pdf, id=557, 313.17pt x 177.7842pt>
File: imagenes/arquitectura_entrenamiento.pdf Graphic file (type pdf)
<use imagenes/arquitectura_entrenamiento.pdf>
Package pdftex.def Info: imagenes/arquitectura_entrenamiento.pdf  used on input
 line 5.
(pdftex.def)             Requested size: 284.52756pt x 161.52884pt.
) [39

 <./imagenes/arquitectura_entrenamiento.pdf

pdfTeX warning: /usr/bin/pdflatex (file ./imagenes/arquitectura_entrenamiento.p
df): PDF inclusion: invalid other resource which is no dict (key 'ProcSets', ty
pe <array>); ignored.
>]
\openout4 = `expo.vrb'.

 (./expo.vrb
<imagenes/drivenet.pdf, id=574, 570.21031pt x 240.9pt>
File: imagenes/drivenet.pdf Graphic file (type pdf)
<use imagenes/drivenet.pdf>
Package pdftex.def Info: imagenes/drivenet.pdf  used on input line 5.
(pdftex.def)             Requested size: 284.52756pt x 120.20709pt.
) [40

 <./imagenes/drivenet.pdf

pdfTeX warning: /usr/bin/pdflatex (file ./imagenes/drivenet.pdf): PDF inclusion
: invalid other resource which is no dict (key 'ProcSets', type <array>); ignor
ed.
>]
\openout4 = `expo.vrb'.

 (./expo.vrb
<imagenes/depthnet.pdf, id=607, 291.00719pt x 160.6803pt>
File: imagenes/depthnet.pdf Graphic file (type pdf)
<use imagenes/depthnet.pdf>
Package pdftex.def Info: imagenes/depthnet.pdf  used on input line 5.
(pdftex.def)             Requested size: 142.26378pt x 78.5526pt.
<imagenes/semsegnet.pdf, id=608, 291.00719pt x 160.6803pt>
File: imagenes/semsegnet.pdf Graphic file (type pdf)
<use imagenes/semsegnet.pdf>
Package pdftex.def Info: imagenes/semsegnet.pdf  used on input line 7.
(pdftex.def)             Requested size: 142.26378pt x 78.5526pt.
) [41

 <./imagenes/depthnet.pdf

pdfTeX warning: /usr/bin/pdflatex (file ./imagenes/depthnet.pdf): PDF inclusion
: invalid other resource which is no dict (key 'ProcSets', type <array>); ignor
ed.
> <./imagenes/semsegnet.pdf

pdfTeX warning: /usr/bin/pdflatex (file ./imagenes/semsegnet.pdf): PDF inclusio
n: invalid other resource which is no dict (key 'ProcSets', type <array>); igno
red.
>]
\openout4 = `expo.vrb'.

 (./expo.vrb
<imagenes/sign.pdf, id=632, 505.89pt x 202.356pt>
File: imagenes/sign.pdf Graphic file (type pdf)
<use imagenes/sign.pdf>
Package pdftex.def Info: imagenes/sign.pdf  used on input line 5.
(pdftex.def)             Requested size: 199.16928pt x 79.66882pt.
<imagenes/sign_3d.pdf, id=633, 599.84097pt x 289.08pt>
File: imagenes/sign_3d.pdf Graphic file (type pdf)
<use imagenes/sign_3d.pdf>
Package pdftex.def Info: imagenes/sign_3d.pdf  used on input line 7.
(pdftex.def)             Requested size: 227.62204pt x 109.69714pt.
) [42

 <./imagenes/sign.pdf> <./imagenes/sign_3d.pdf

pdfTeX warning: /usr/bin/pdflatex (file ./imagenes/sign_3d.pdf): PDF inclusion:
 multiple pdfs with page group included in a single page
>]
\openout4 = `expo.vrb'.

 (./expo.vrb
<imagenes/arquitectura_inferencia.pdf, id=702, 572.1375pt x 218.7372pt>
File: imagenes/arquitectura_inferencia.pdf Graphic file (type pdf)
<use imagenes/arquitectura_inferencia.pdf>
Package pdftex.def Info: imagenes/arquitectura_inferencia.pdf  used on input li
ne 5.
(pdftex.def)             Requested size: 312.9803pt x 119.65831pt.

Overfull \hbox (5.69043pt too wide) in paragraph at lines 5--6
 [] 
 []

) [43

 <./imagenes/arquitectura_inferencia.pdf

pdfTeX warning: /usr/bin/pdflatex (file ./imagenes/arquitectura_inferencia.pdf)
: PDF inclusion: invalid other resource which is no dict (key 'ProcSets', type 
<array>); ignored.
>] [44

]
\openout4 = `expo.vrb'.

 (./expo.vrb
<imagenes/DepthNetCurve.pdf, id=734, 433.62pt x 289.08pt>
File: imagenes/DepthNetCurve.pdf Graphic file (type pdf)
<use imagenes/DepthNetCurve.pdf>
Package pdftex.def Info: imagenes/DepthNetCurve.pdf  used on input line 5.
(pdftex.def)             Requested size: 142.26378pt x 94.8409pt.
<imagenes/SemsegNetCurve.pdf, id=735, 433.62pt x 289.08pt>
File: imagenes/SemsegNetCurve.pdf Graphic file (type pdf)
<use imagenes/SemsegNetCurve.pdf>
Package pdftex.def Info: imagenes/SemsegNetCurve.pdf  used on input line 7.
(pdftex.def)             Requested size: 142.26378pt x 94.8409pt.
<imagenes/DriveNetCurve.pdf, id=736, 433.62pt x 289.08pt>
File: imagenes/DriveNetCurve.pdf Graphic file (type pdf)
<use imagenes/DriveNetCurve.pdf>
Package pdftex.def Info: imagenes/DriveNetCurve.pdf  used on input line 13.
(pdftex.def)             Requested size: 142.26378pt x 94.8409pt.
)
Overfull \vbox (8.9177pt too high) detected at line 488
 []

[45

 <./imagenes/DepthNetCurve.pdf> <./imagenes/SemsegNetCurve.pdf

pdfTeX warning: /usr/bin/pdflatex (file ./imagenes/SemsegNetCurve.pdf): PDF inc
lusion: multiple pdfs with page group included in a single page
> <./imagenes/DriveNetCurve.pdf

pdfTeX warning: /usr/bin/pdflatex (file ./imagenes/DriveNetCurve.pdf): PDF incl
usion: multiple pdfs with page group included in a single page
>]
\openout4 = `expo.vrb'.

 (./expo.vrb
<imagenes/preds/depth.pdf, id=851, 578.16pt x 672.11098pt>
File: imagenes/preds/depth.pdf Graphic file (type pdf)
<use imagenes/preds/depth.pdf>
Package pdftex.def Info: imagenes/preds/depth.pdf  used on input line 5.
(pdftex.def)             Requested size: 195.80428pt x 227.62204pt.
)
Overfull \vbox (20.85794pt too high) detected at line 497
 []

[46

 <./imagenes/preds/depth.pdf>]
\openout4 = `expo.vrb'.

 (./expo.vrb
<imagenes/c_mat.pdf, id=887, 578.16pt x 578.16pt>
File: imagenes/c_mat.pdf Graphic file (type pdf)
<use imagenes/c_mat.pdf>
Package pdftex.def Info: imagenes/c_mat.pdf  used on input line 5.
(pdftex.def)             Requested size: 227.61641pt x 227.62204pt.
)
Overfull \vbox (20.85794pt too high) detected at line 506
 []

[47

 <./imagenes/c_mat.pdf>]
\openout4 = `expo.vrb'.

 (./expo.vrb) [48

]
\openout4 = `expo.vrb'.

 (./expo.vrb
<imagenes/preds/semseg.pdf, id=946, 578.16pt x 672.11098pt>
File: imagenes/preds/semseg.pdf Graphic file (type pdf)
<use imagenes/preds/semseg.pdf>
Package pdftex.def Info: imagenes/preds/semseg.pdf  used on input line 5.
(pdftex.def)             Requested size: 195.80428pt x 227.62204pt.
)
Overfull \vbox (20.85794pt too high) detected at line 589
 []

[49

 <./imagenes/preds/semseg.pdf>]
\openout4 = `expo.vrb'.

 (./expo.vrb
<imagenes/preds/semaforos.pdf, id=982, 578.16pt x 672.11098pt>
File: imagenes/preds/semaforos.pdf Graphic file (type pdf)
<use imagenes/preds/semaforos.pdf>
Package pdftex.def Info: imagenes/preds/semaforos.pdf  used on input line 5.
(pdftex.def)             Requested size: 195.80428pt x 227.62204pt.
)
Overfull \vbox (20.85794pt too high) detected at line 598
 []

[50

 <./imagenes/preds/semaforos.pdf>]
\openout4 = `expo.vrb'.

 (./expo.vrb
<imagenes/preds/distance.pdf, id=1014, 686.565pt x 527.57097pt>
File: imagenes/preds/distance.pdf Graphic file (type pdf)
<use imagenes/preds/distance.pdf>
Package pdftex.def Info: imagenes/preds/distance.pdf  used on input line 5.
(pdftex.def)             Requested size: 296.2229pt x 227.62204pt.
)
Overfull \vbox (20.85794pt too high) detected at line 607
 []

[51

 <./imagenes/preds/distance.pdf>]
\openout4 = `expo.vrb'.

 (./expo.vrb
<imagenes/preds/scorecam.pdf, id=1040, 722.7pt x 195.129pt>
File: imagenes/preds/scorecam.pdf Graphic file (type pdf)
<use imagenes/preds/scorecam.pdf>
Package pdftex.def Info: imagenes/preds/scorecam.pdf  used on input line 5.
(pdftex.def)             Requested size: 284.52756pt x 76.8235pt.
) [52

 <./imagenes/preds/scorecam.pdf>]
\openout4 = `expo.vrb'.

 (./expo.vrb
<imagenes/preds/steer.pdf, id=1078, 708.24597pt x 578.16pt>
File: imagenes/preds/steer.pdf Graphic file (type pdf)
<use imagenes/preds/steer.pdf>
Package pdftex.def Info: imagenes/preds/steer.pdf  used on input line 5.
(pdftex.def)             Requested size: 278.8301pt x 227.62204pt.
)
Overfull \vbox (20.85794pt too high) detected at line 625
 []

[53

 <./imagenes/preds/steer.pdf>]
\openout4 = `expo.vrb'.

 (./expo.vrb
<imagenes/preds/err1.pdf, id=1139, 505.89pt x 195.129pt>
File: imagenes/preds/err1.pdf Graphic file (type pdf)
<use imagenes/preds/err1.pdf>
Package pdftex.def Info: imagenes/preds/err1.pdf  used on input line 5.
(pdftex.def)             Requested size: 284.52756pt x 109.74786pt.
) [54

 <./imagenes/preds/err1.pdf>]
\openout4 = `expo.vrb'.

(./expo.vrb
<imagenes/preds/err2.pdf, id=1151, 722.7pt x 722.7pt>
File: imagenes/preds/err2.pdf Graphic file (type pdf)
<use imagenes/preds/err2.pdf>
Package pdftex.def Info: imagenes/preds/err2.pdf  used on input line 5.
(pdftex.def)             Requested size: 227.61862pt x 227.62204pt.
)
Overfull \vbox (20.85794pt too high) detected at line 643
 []

[55

 <./imagenes/preds/err2.pdf>]
\openout4 = `expo.vrb'.

 (./expo.vrb) [56

] (./expo.vrb) [57

]
(./expo.vrb) [58

] (./expo.vrb) [59

]
\openout4 = `expo.vrb'.

 (./expo.vrb) [60

] [61

]
\openout4 = `expo.vrb'.

 (./expo.vrb)
[62

] (./expo.vrb) [63

] (./expo.vrb) [64

]
\openout4 = `expo.vrb'.

 (./expo.vrb) [65

] (./expo.vrb)
[66

] (./expo.vrb) [67

]
\openout4 = `expo.vrb'.

 (./expo.vrb) [68

] (./expo.vrb) [69

] (./expo.vrb)
[70

] (./expo.vrb) [71

]
\tf@nav=\write6
\openout6 = `expo.nav'.

\tf@toc=\write7
\openout7 = `expo.toc'.

\tf@snm=\write8
\openout8 = `expo.snm'.

Package atveryend Info: Empty hook `BeforeClearDocument' on input line 715.
Package atveryend Info: Empty hook `AfterLastShipout' on input line 715.
 (./expo.aux)
Package atveryend Info: Executing hook `AtVeryEndDocument' on input line 715.
Package atveryend Info: Executing hook `AtEndAfterFileList' on input line 715.
Package rerunfilecheck Info: File `expo.out' has not changed.
(rerunfilecheck)             Checksum: 23101B044029B9E829AD762538BE2D9F;278.


LaTeX Font Warning: Some font shapes were not available, defaults substituted.

 ) 
Here is how much of TeX's memory you used:
 33867 strings out of 492982
 795069 string characters out of 6134895
 1012073 words of memory out of 5000000
 36400 multiletter control sequences out of 15000+600000
 12334 words of font info for 47 fonts, out of 8000000 for 9000
 1141 hyphenation exceptions out of 8191
 71i,13n,102p,1831b,730s stack positions out of 5000i,500n,10000p,200000b,80000s
</usr/share/texlive/texmf-dist/fonts/type1/public/amsfonts/cm/cmex10.pfb></us
r/share/texlive/texmf-dist/fonts/type1/public/amsfonts/cm/cmmi10.pfb></usr/shar
e/texlive/texmf-dist/fonts/type1/public/amsfonts/cm/cmmi5.pfb></usr/share/texli
ve/texmf-dist/fonts/type1/public/amsfonts/cm/cmmi7.pfb></usr/share/texlive/texm
f-dist/fonts/type1/public/amsfonts/cm/cmr10.pfb></usr/share/texlive/texmf-dist/
fonts/type1/public/amsfonts/cm/cmr7.pfb></usr/share/texlive/texmf-dist/fonts/ty
pe1/public/amsfonts/cm/cmss10.pfb></usr/share/texlive/texmf-dist/fonts/type1/pu
blic/amsfonts/cm/cmss12.pfb></usr/share/texlive/texmf-dist/fonts/type1/public/a
msfonts/cm/cmss8.pfb></usr/share/texlive/texmf-dist/fonts/type1/public/amsfonts
/cm/cmss9.pfb></usr/share/texlive/texmf-dist/fonts/type1/public/amsfonts/cm/cms
sbx10.pfb></usr/share/texlive/texmf-dist/fonts/type1/public/amsfonts/cm/cmsy10.
pfb></usr/share/texmf/fonts/type1/public/lm/lmmi10.pfb></usr/share/texmf/fonts/
type1/public/lm/lmr10.pfb></usr/share/texmf/fonts/type1/public/lm/lmr6.pfb></us
r/share/texmf/fonts/type1/public/lm/lmsy10.pfb></usr/share/texmf/fonts/type1/pu
blic/lm/lmsy6.pfb>
Output written on expo.pdf (71 pages, 11168457 bytes).
PDF statistics:
 1343 PDF objects out of 1440 (max. 8388607)
 691 compressed objects within 7 object streams
 148 named destinations out of 1000 (max. 500000)
 403 words of extra memory for PDF output out of 10000 (max. 10000000)

